::1 - - [2022-02-13T12:57:21+02:00] "GET / HTTP/1.1" 302 60 "-" "Mozilla/5.0 (Windows NT 10.0; Win64; x64) AppleWebKit/537.36 (KHTML, like Gecko) Chrome/98.0.4758.82 Safari/537.36"
::1 - - [2022-02-13T12:57:21+02:00] "GET /ajakava HTTP/1.1" 304 - "-" "Mozilla/5.0 (Windows NT 10.0; Win64; x64) AppleWebKit/537.36 (KHTML, like Gecko) Chrome/98.0.4758.82 Safari/537.36"
::1 - - [2022-02-13T12:57:24+02:00] "GET /api/competitions-schedule HTTP/1.1" 304 - "http://localhost:3000/ajakava" "Mozilla/5.0 (Windows NT 10.0; Win64; x64) AppleWebKit/537.36 (KHTML, like Gecko) Chrome/98.0.4758.82 Safari/537.36"
::1 - - [2022-02-13T12:58:06+02:00] "GET /voistlusjuhend HTTP/1.1" 304 - "http://localhost:3000/ajakava" "Mozilla/5.0 (Windows NT 10.0; Win64; x64) AppleWebKit/537.36 (KHTML, like Gecko) Chrome/98.0.4758.82 Safari/537.36"
::1 - - [2022-02-13T12:58:08+02:00] "GET /tulemused HTTP/1.1" 304 - "http://localhost:3000/voistlusjuhend" "Mozilla/5.0 (Windows NT 10.0; Win64; x64) AppleWebKit/537.36 (KHTML, like Gecko) Chrome/98.0.4758.82 Safari/537.36"
::1 - - [2022-02-13T12:58:11+02:00] "GET /treeningud HTTP/1.1" 304 - "http://localhost:3000/tulemused" "Mozilla/5.0 (Windows NT 10.0; Win64; x64) AppleWebKit/537.36 (KHTML, like Gecko) Chrome/98.0.4758.82 Safari/537.36"
::1 - - [2022-02-13T12:58:15+02:00] "GET /voistlus/lisa HTTP/1.1" 304 - "http://localhost:3000/treeningud" "Mozilla/5.0 (Windows NT 10.0; Win64; x64) AppleWebKit/537.36 (KHTML, like Gecko) Chrome/98.0.4758.82 Safari/537.36"
::1 - - [2022-02-13T12:58:17+02:00] "GET /voistlus/registreeri/ HTTP/1.1" 304 - "http://localhost:3000/voistlus/lisa" "Mozilla/5.0 (Windows NT 10.0; Win64; x64) AppleWebKit/537.36 (KHTML, like Gecko) Chrome/98.0.4758.82 Safari/537.36"
::1 - - [2022-02-13T12:58:26+02:00] "GET /voistlus/mangud HTTP/1.1" 304 - "http://localhost:3000/voistlus/registreeri/" "Mozilla/5.0 (Windows NT 10.0; Win64; x64) AppleWebKit/537.36 (KHTML, like Gecko) Chrome/98.0.4758.82 Safari/537.36"
::1 - - [2022-02-13T12:58:26+02:00] "GET /api/competitions-games HTTP/1.1" 304 - "http://localhost:3000/voistlus/mangud" "Mozilla/5.0 (Windows NT 10.0; Win64; x64) AppleWebKit/537.36 (KHTML, like Gecko) Chrome/98.0.4758.82 Safari/537.36"
::1 - - [2022-02-13T12:58:36+02:00] "GET /voistlus/info HTTP/1.1" 304 - "http://localhost:3000/voistlus/mangud" "Mozilla/5.0 (Windows NT 10.0; Win64; x64) AppleWebKit/537.36 (KHTML, like Gecko) Chrome/98.0.4758.82 Safari/537.36"
::1 - - [2022-02-13T12:58:36+02:00] "GET /api/competitions-games HTTP/1.1" 304 - "http://localhost:3000/voistlus/info" "Mozilla/5.0 (Windows NT 10.0; Win64; x64) AppleWebKit/537.36 (KHTML, like Gecko) Chrome/98.0.4758.82 Safari/537.36"
::1 - - [2022-02-13T12:58:37+02:00] "GET /voistlus/paigutus HTTP/1.1" 304 - "http://localhost:3000/voistlus/info" "Mozilla/5.0 (Windows NT 10.0; Win64; x64) AppleWebKit/537.36 (KHTML, like Gecko) Chrome/98.0.4758.82 Safari/537.36"
::1 - - [2022-02-13T12:58:39+02:00] "GET /voistlus/tabel HTTP/1.1" 304 - "http://localhost:3000/voistlus/paigutus" "Mozilla/5.0 (Windows NT 10.0; Win64; x64) AppleWebKit/537.36 (KHTML, like Gecko) Chrome/98.0.4758.82 Safari/537.36"
::1 - - [2022-02-13T12:58:39+02:00] "GET /api/competitions-games HTTP/1.1" 304 - "http://localhost:3000/voistlus/tabel" "Mozilla/5.0 (Windows NT 10.0; Win64; x64) AppleWebKit/537.36 (KHTML, like Gecko) Chrome/98.0.4758.82 Safari/537.36"
::1 - - [2022-02-13T12:58:52+02:00] "GET /voistlus/mangud HTTP/1.1" 304 - "http://localhost:3000/voistlus/tabel" "Mozilla/5.0 (Windows NT 10.0; Win64; x64) AppleWebKit/537.36 (KHTML, like Gecko) Chrome/98.0.4758.82 Safari/537.36"
::1 - - [2022-02-13T12:58:52+02:00] "GET /api/competitions-games HTTP/1.1" 304 - "http://localhost:3000/voistlus/mangud" "Mozilla/5.0 (Windows NT 10.0; Win64; x64) AppleWebKit/537.36 (KHTML, like Gecko) Chrome/98.0.4758.82 Safari/537.36"
::1 - - [2022-02-13T12:58:54+02:00] "GET /voistlus/tulemused HTTP/1.1" 304 - "http://localhost:3000/voistlus/mangud" "Mozilla/5.0 (Windows NT 10.0; Win64; x64) AppleWebKit/537.36 (KHTML, like Gecko) Chrome/98.0.4758.82 Safari/537.36"
::1 - - [2022-02-13T12:58:57+02:00] "GET /voistlus/auhinnad HTTP/1.1" 304 - "http://localhost:3000/voistlus/tulemused" "Mozilla/5.0 (Windows NT 10.0; Win64; x64) AppleWebKit/537.36 (KHTML, like Gecko) Chrome/98.0.4758.82 Safari/537.36"
::1 - - [2022-02-13T12:58:59+02:00] "GET /voistlus/tulemused HTTP/1.1" 304 - "http://localhost:3000/voistlus/auhinnad" "Mozilla/5.0 (Windows NT 10.0; Win64; x64) AppleWebKit/537.36 (KHTML, like Gecko) Chrome/98.0.4758.82 Safari/537.36"
::1 - - [2022-02-13T12:58:59+02:00] "GET /voistlus/mangud HTTP/1.1" 304 - "http://localhost:3000/voistlus/tulemused" "Mozilla/5.0 (Windows NT 10.0; Win64; x64) AppleWebKit/537.36 (KHTML, like Gecko) Chrome/98.0.4758.82 Safari/537.36"
::1 - - [2022-02-13T12:58:59+02:00] "GET /api/competitions-games HTTP/1.1" 304 - "http://localhost:3000/voistlus/mangud" "Mozilla/5.0 (Windows NT 10.0; Win64; x64) AppleWebKit/537.36 (KHTML, like Gecko) Chrome/98.0.4758.82 Safari/537.36"
::1 - - [2022-02-13T12:59:26+02:00] "GET /voistlus/auhinnad HTTP/1.1" 304 - "http://localhost:3000/voistlus/mangud" "Mozilla/5.0 (Windows NT 10.0; Win64; x64) AppleWebKit/537.36 (KHTML, like Gecko) Chrome/98.0.4758.82 Safari/537.36"
::1 - - [2022-02-14T21:27:32+02:00] "GET / HTTP/1.1" 302 60 "-" "Mozilla/5.0 (Windows NT 10.0; Win64; x64) AppleWebKit/537.36 (KHTML, like Gecko) Chrome/98.0.4758.82 Safari/537.36"
::1 - - [2022-02-14T21:27:32+02:00] "GET /ajakava HTTP/1.1" 200 3836 "-" "Mozilla/5.0 (Windows NT 10.0; Win64; x64) AppleWebKit/537.36 (KHTML, like Gecko) Chrome/98.0.4758.82 Safari/537.36"
::1 - - [2022-02-14T21:29:20+02:00] "GET /ajakava HTTP/1.1" 304 - "-" "Mozilla/5.0 (Windows NT 10.0; Win64; x64) AppleWebKit/537.36 (KHTML, like Gecko) Chrome/98.0.4758.82 Safari/537.36"
::1 - - [2022-02-14T21:29:20+02:00] "GET /api/competitions-schedule HTTP/1.1" 200 1794 "http://localhost:3000/ajakava" "Mozilla/5.0 (Windows NT 10.0; Win64; x64) AppleWebKit/537.36 (KHTML, like Gecko) Chrome/98.0.4758.82 Safari/537.36"
::1 - - [2022-02-14T21:29:24+02:00] "GET /voistlusjuhend HTTP/1.1" 304 - "http://localhost:3000/ajakava" "Mozilla/5.0 (Windows NT 10.0; Win64; x64) AppleWebKit/537.36 (KHTML, like Gecko) Chrome/98.0.4758.82 Safari/537.36"
::1 - - [2022-02-14T21:29:25+02:00] "GET /tulemused HTTP/1.1" 304 - "http://localhost:3000/voistlusjuhend" "Mozilla/5.0 (Windows NT 10.0; Win64; x64) AppleWebKit/537.36 (KHTML, like Gecko) Chrome/98.0.4758.82 Safari/537.36"
::1 - - [2022-02-14T21:29:30+02:00] "GET /treeningud HTTP/1.1" 304 - "http://localhost:3000/tulemused" "Mozilla/5.0 (Windows NT 10.0; Win64; x64) AppleWebKit/537.36 (KHTML, like Gecko) Chrome/98.0.4758.82 Safari/537.36"
::1 - - [2022-02-14T21:29:33+02:00] "GET /voistlus/lisa HTTP/1.1" 304 - "http://localhost:3000/treeningud" "Mozilla/5.0 (Windows NT 10.0; Win64; x64) AppleWebKit/537.36 (KHTML, like Gecko) Chrome/98.0.4758.82 Safari/537.36"
::1 - - [2022-02-14T21:29:35+02:00] "GET /voistlus/registreeri/ HTTP/1.1" 304 - "http://localhost:3000/voistlus/lisa" "Mozilla/5.0 (Windows NT 10.0; Win64; x64) AppleWebKit/537.36 (KHTML, like Gecko) Chrome/98.0.4758.82 Safari/537.36"
::1 - - [2022-02-14T21:29:39+02:00] "GET /voistlus/mangud HTTP/1.1" 304 - "http://localhost:3000/voistlus/registreeri/" "Mozilla/5.0 (Windows NT 10.0; Win64; x64) AppleWebKit/537.36 (KHTML, like Gecko) Chrome/98.0.4758.82 Safari/537.36"
::1 - - [2022-02-14T21:29:39+02:00] "GET /api/competitions-games HTTP/1.1" 304 - "http://localhost:3000/voistlus/mangud" "Mozilla/5.0 (Windows NT 10.0; Win64; x64) AppleWebKit/537.36 (KHTML, like Gecko) Chrome/98.0.4758.82 Safari/537.36"
::1 - - [2022-02-14T21:29:44+02:00] "GET /voistlus/info HTTP/1.1" 304 - "http://localhost:3000/voistlus/mangud" "Mozilla/5.0 (Windows NT 10.0; Win64; x64) AppleWebKit/537.36 (KHTML, like Gecko) Chrome/98.0.4758.82 Safari/537.36"
::1 - - [2022-02-14T21:29:44+02:00] "GET /api/competitions-games HTTP/1.1" 304 - "http://localhost:3000/voistlus/info" "Mozilla/5.0 (Windows NT 10.0; Win64; x64) AppleWebKit/537.36 (KHTML, like Gecko) Chrome/98.0.4758.82 Safari/537.36"
::1 - - [2022-02-14T21:29:47+02:00] "GET /voistlus/paigutus HTTP/1.1" 304 - "http://localhost:3000/voistlus/info" "Mozilla/5.0 (Windows NT 10.0; Win64; x64) AppleWebKit/537.36 (KHTML, like Gecko) Chrome/98.0.4758.82 Safari/537.36"
::1 - - [2022-02-14T21:29:48+02:00] "GET /voistlus/tabel HTTP/1.1" 304 - "http://localhost:3000/voistlus/paigutus" "Mozilla/5.0 (Windows NT 10.0; Win64; x64) AppleWebKit/537.36 (KHTML, like Gecko) Chrome/98.0.4758.82 Safari/537.36"
::1 - - [2022-02-14T21:29:48+02:00] "GET /api/competitions-games HTTP/1.1" 304 - "http://localhost:3000/voistlus/tabel" "Mozilla/5.0 (Windows NT 10.0; Win64; x64) AppleWebKit/537.36 (KHTML, like Gecko) Chrome/98.0.4758.82 Safari/537.36"
::1 - - [2022-02-14T21:29:49+02:00] "GET /voistlus/mangud HTTP/1.1" 304 - "http://localhost:3000/voistlus/tabel" "Mozilla/5.0 (Windows NT 10.0; Win64; x64) AppleWebKit/537.36 (KHTML, like Gecko) Chrome/98.0.4758.82 Safari/537.36"
::1 - - [2022-02-14T21:29:49+02:00] "GET /api/competitions-games HTTP/1.1" 304 - "http://localhost:3000/voistlus/mangud" "Mozilla/5.0 (Windows NT 10.0; Win64; x64) AppleWebKit/537.36 (KHTML, like Gecko) Chrome/98.0.4758.82 Safari/537.36"
::1 - - [2022-02-14T21:29:50+02:00] "GET /voistlus/tulemused HTTP/1.1" 304 - "http://localhost:3000/voistlus/mangud" "Mozilla/5.0 (Windows NT 10.0; Win64; x64) AppleWebKit/537.36 (KHTML, like Gecko) Chrome/98.0.4758.82 Safari/537.36"
::1 - - [2022-02-14T21:29:51+02:00] "GET /voistlus/auhinnad HTTP/1.1" 304 - "http://localhost:3000/voistlus/tulemused" "Mozilla/5.0 (Windows NT 10.0; Win64; x64) AppleWebKit/537.36 (KHTML, like Gecko) Chrome/98.0.4758.82 Safari/537.36"
::1 - - [2022-02-14T21:30:07+02:00] "GET / HTTP/1.1" 302 60 "http://localhost:3000/voistlus/auhinnad" "Mozilla/5.0 (Windows NT 10.0; Win64; x64) AppleWebKit/537.36 (KHTML, like Gecko) Chrome/98.0.4758.82 Safari/537.36"
::1 - - [2022-02-14T21:30:07+02:00] "GET /ajakava HTTP/1.1" 304 - "http://localhost:3000/voistlus/auhinnad" "Mozilla/5.0 (Windows NT 10.0; Win64; x64) AppleWebKit/537.36 (KHTML, like Gecko) Chrome/98.0.4758.82 Safari/537.36"
::1 - - [2022-02-14T21:30:07+02:00] "GET /api/competitions-schedule HTTP/1.1" 304 - "http://localhost:3000/ajakava" "Mozilla/5.0 (Windows NT 10.0; Win64; x64) AppleWebKit/537.36 (KHTML, like Gecko) Chrome/98.0.4758.82 Safari/537.36"
::1 - - [2022-02-14T21:30:15+02:00] "GET /programming_languages HTTP/1.1" 404 160 "-" "Mozilla/5.0 (Windows NT 10.0; Win64; x64) AppleWebKit/537.36 (KHTML, like Gecko) Chrome/98.0.4758.82 Safari/537.36"
::1 - - [2022-02-14T21:30:20+02:00] "GET /programming-languages HTTP/1.1" 500 1534 "-" "Mozilla/5.0 (Windows NT 10.0; Win64; x64) AppleWebKit/537.36 (KHTML, like Gecko) Chrome/98.0.4758.82 Safari/537.36"
::1 - - [2022-02-14T21:32:27+02:00] "GET /programming-languages HTTP/1.1" 500 1534 "-" "Mozilla/5.0 (Windows NT 10.0; Win64; x64) AppleWebKit/537.36 (KHTML, like Gecko) Chrome/98.0.4758.82 Safari/537.36"
::1 - - [2022-02-14T21:35:16+02:00] "GET /programming-languages HTTP/1.1" 500 733 "-" "Mozilla/5.0 (Windows NT 10.0; Win64; x64) AppleWebKit/537.36 (KHTML, like Gecko) Chrome/98.0.4758.82 Safari/537.36"
::1 - - [2022-02-14T21:36:22+02:00] "GET /programming-languages HTTP/1.1" 500 743 "-" "Mozilla/5.0 (Windows NT 10.0; Win64; x64) AppleWebKit/537.36 (KHTML, like Gecko) Chrome/98.0.4758.82 Safari/537.36"
::1 - - [2022-02-14T21:37:40+02:00] "GET /programming-languages HTTP/1.1" 200 1586 "-" "Mozilla/5.0 (Windows NT 10.0; Win64; x64) AppleWebKit/537.36 (KHTML, like Gecko) Chrome/98.0.4758.82 Safari/537.36"
::1 - - [2022-02-14T21:37:58+02:00] "GET /programming-languages HTTP/1.1" 304 - "-" "Mozilla/5.0 (Windows NT 10.0; Win64; x64) AppleWebKit/537.36 (KHTML, like Gecko) Chrome/98.0.4758.82 Safari/537.36"
::1 - - [2022-02-14T21:39:18+02:00] "GET /programming-languages HTTP/1.1" 304 - "-" "Mozilla/5.0 (Windows NT 10.0; Win64; x64) AppleWebKit/537.36 (KHTML, like Gecko) Chrome/98.0.4758.82 Safari/537.36"
::1 - - [2022-02-14T21:39:43+02:00] "GET /api/programming-languages HTTP/1.1" 200 1586 "-" "Mozilla/5.0 (Windows NT 10.0; Win64; x64) AppleWebKit/537.36 (KHTML, like Gecko) Chrome/98.0.4758.82 Safari/537.36"
::1 - - [2022-02-14T21:46:58+02:00] "GET /api/competitions-schedule-db HTTP/1.1" 200 1860 "-" "Mozilla/5.0 (Windows NT 10.0; Win64; x64) AppleWebKit/537.36 (KHTML, like Gecko) Chrome/98.0.4758.82 Safari/537.36"
::1 - - [2022-02-14T21:47:09+02:00] "GET /api/competitions-schedule-db/1 HTTP/1.1" 404 169 "-" "Mozilla/5.0 (Windows NT 10.0; Win64; x64) AppleWebKit/537.36 (KHTML, like Gecko) Chrome/98.0.4758.82 Safari/537.36"
::1 - - [2022-02-14T22:28:02+02:00] "GET /api/competitions-schedule-db HTTP/1.1" 304 - "-" "Mozilla/5.0 (Windows NT 10.0; Win64; x64) AppleWebKit/537.36 (KHTML, like Gecko) Chrome/98.0.4758.82 Safari/537.36"
::1 - - [2022-02-14T22:28:07+02:00] "GET /api/competitions-schedule HTTP/1.1" 304 - "-" "Mozilla/5.0 (Windows NT 10.0; Win64; x64) AppleWebKit/537.36 (KHTML, like Gecko) Chrome/98.0.4758.82 Safari/537.36"
::1 - - [2022-02-14T22:29:30+02:00] "GET /api/competitions-schedule HTTP/1.1" 200 1860 "-" "Mozilla/5.0 (Windows NT 10.0; Win64; x64) AppleWebKit/537.36 (KHTML, like Gecko) Chrome/98.0.4758.82 Safari/537.36"
::1 - - [2022-02-14T22:32:20+02:00] "GET /api/competitions-schedule HTTP/1.1" 500 791 "-" "Mozilla/5.0 (Windows NT 10.0; Win64; x64) AppleWebKit/537.36 (KHTML, like Gecko) Chrome/98.0.4758.82 Safari/537.36"
::1 - - [2022-02-14T22:32:37+02:00] "GET /api/competitions-schedule HTTP/1.1" 200 1860 "-" "Mozilla/5.0 (Windows NT 10.0; Win64; x64) AppleWebKit/537.36 (KHTML, like Gecko) Chrome/98.0.4758.82 Safari/537.36"
::1 - - [2022-02-14T22:32:44+02:00] "GET / HTTP/1.1" 302 60 "-" "Mozilla/5.0 (Windows NT 10.0; Win64; x64) AppleWebKit/537.36 (KHTML, like Gecko) Chrome/98.0.4758.82 Safari/537.36"
::1 - - [2022-02-14T22:32:44+02:00] "GET /ajakava HTTP/1.1" 304 - "-" "Mozilla/5.0 (Windows NT 10.0; Win64; x64) AppleWebKit/537.36 (KHTML, like Gecko) Chrome/98.0.4758.82 Safari/537.36"
::1 - - [2022-02-14T22:32:44+02:00] "GET /api/competitions-schedule HTTP/1.1" 304 - "http://localhost:3000/ajakava" "Mozilla/5.0 (Windows NT 10.0; Win64; x64) AppleWebKit/537.36 (KHTML, like Gecko) Chrome/98.0.4758.82 Safari/537.36"
::1 - - [2022-02-14T22:32:53+02:00] "GET /ajakava HTTP/1.1" 304 - "-" "Mozilla/5.0 (Windows NT 10.0; Win64; x64) AppleWebKit/537.36 (KHTML, like Gecko) Chrome/98.0.4758.82 Safari/537.36"
::1 - - [2022-02-14T22:32:53+02:00] "GET /api/competitions-schedule HTTP/1.1" 304 - "http://localhost:3000/ajakava" "Mozilla/5.0 (Windows NT 10.0; Win64; x64) AppleWebKit/537.36 (KHTML, like Gecko) Chrome/98.0.4758.82 Safari/537.36"
::1 - - [2022-02-14T22:40:29+02:00] "GET /ajakava HTTP/1.1" 304 - "-" "Mozilla/5.0 (Windows NT 10.0; Win64; x64) AppleWebKit/537.36 (KHTML, like Gecko) Chrome/98.0.4758.82 Safari/537.36"
::1 - - [2022-02-14T22:40:29+02:00] "GET /api/competitions-schedule HTTP/1.1" 304 - "http://localhost:3000/ajakava" "Mozilla/5.0 (Windows NT 10.0; Win64; x64) AppleWebKit/537.36 (KHTML, like Gecko) Chrome/98.0.4758.82 Safari/537.36"
::1 - - [2022-02-14T22:40:38+02:00] "GET /ajakava HTTP/1.1" 200 3836 "-" "Mozilla/5.0 (Windows NT 10.0; Win64; x64) AppleWebKit/537.36 (KHTML, like Gecko) Chrome/98.0.4758.82 Safari/537.36"
::1 - - [2022-02-14T22:40:38+02:00] "GET /api/competitions-schedule HTTP/1.1" 200 1860 "http://localhost:3000/ajakava" "Mozilla/5.0 (Windows NT 10.0; Win64; x64) AppleWebKit/537.36 (KHTML, like Gecko) Chrome/98.0.4758.82 Safari/537.36"
::1 - - [2022-02-14T22:50:13+02:00] "GET /ajakava HTTP/1.1" 304 - "-" "Mozilla/5.0 (Windows NT 10.0; Win64; x64) AppleWebKit/537.36 (KHTML, like Gecko) Chrome/98.0.4758.82 Safari/537.36"
::1 - - [2022-02-14T22:50:13+02:00] "GET /api/competitions-schedule HTTP/1.1" 304 - "http://localhost:3000/ajakava" "Mozilla/5.0 (Windows NT 10.0; Win64; x64) AppleWebKit/537.36 (KHTML, like Gecko) Chrome/98.0.4758.82 Safari/537.36"
::1 - - [2022-02-14T22:50:20+02:00] "GET /api/competitions-schedule HTTP/1.1" 304 - "http://localhost:3000/ajakava" "Mozilla/5.0 (Windows NT 10.0; Win64; x64) AppleWebKit/537.36 (KHTML, like Gecko) Chrome/98.0.4758.82 Safari/537.36"
::1 - - [2022-02-14T22:51:35+02:00] "GET /api/competitions-schedule HTTP/1.1" 200 1794 "-" "Mozilla/5.0 (Windows NT 10.0; Win64; x64) AppleWebKit/537.36 (KHTML, like Gecko) Chrome/98.0.4758.82 Safari/537.36"
::1 - - [2022-02-14T22:51:45+02:00] "GET /api/competitions-schedule-db HTTP/1.1" 304 - "-" "Mozilla/5.0 (Windows NT 10.0; Win64; x64) AppleWebKit/537.36 (KHTML, like Gecko) Chrome/98.0.4758.82 Safari/537.36"
::1 - - [2022-02-14T22:55:02+02:00] "GET /api/competitions-schedule-db HTTP/1.1" 200 1842 "-" "Mozilla/5.0 (Windows NT 10.0; Win64; x64) AppleWebKit/537.36 (KHTML, like Gecko) Chrome/98.0.4758.82 Safari/537.36"
::1 - - [2022-02-14T22:56:03+02:00] "GET /api/competitions-schedule-db HTTP/1.1" 304 - "-" "Mozilla/5.0 (Windows NT 10.0; Win64; x64) AppleWebKit/537.36 (KHTML, like Gecko) Chrome/98.0.4758.82 Safari/537.36"
::1 - - [2022-02-14T22:56:05+02:00] "GET /api/competitions-schedule-db HTTP/1.1" 304 - "-" "Mozilla/5.0 (Windows NT 10.0; Win64; x64) AppleWebKit/537.36 (KHTML, like Gecko) Chrome/98.0.4758.82 Safari/537.36"
::1 - - [2022-02-14T22:57:44+02:00] "GET /api/competitions-schedule-db HTTP/1.1" 200 - "-" "Mozilla/5.0 (Windows NT 10.0; Win64; x64) AppleWebKit/537.36 (KHTML, like Gecko) Chrome/98.0.4758.82 Safari/537.36"
::1 - - [2022-02-14T22:58:06+02:00] "GET /api/competitions-schedule-db HTTP/1.1" 200 1833 "-" "Mozilla/5.0 (Windows NT 10.0; Win64; x64) AppleWebKit/537.36 (KHTML, like Gecko) Chrome/98.0.4758.82 Safari/537.36"
::1 - - [2022-02-14T22:58:55+02:00] "GET /ajakava HTTP/1.1" 304 - "-" "Mozilla/5.0 (Windows NT 10.0; Win64; x64) AppleWebKit/537.36 (KHTML, like Gecko) Chrome/98.0.4758.82 Safari/537.36"
::1 - - [2022-02-14T22:58:55+02:00] "GET /api/competitions-schedule HTTP/1.1" 304 - "http://localhost:3000/ajakava" "Mozilla/5.0 (Windows NT 10.0; Win64; x64) AppleWebKit/537.36 (KHTML, like Gecko) Chrome/98.0.4758.82 Safari/537.36"
::1 - - [2022-02-14T22:59:23+02:00] "GET /ajakava HTTP/1.1" 304 - "-" "Mozilla/5.0 (Windows NT 10.0; Win64; x64) AppleWebKit/537.36 (KHTML, like Gecko) Chrome/98.0.4758.82 Safari/537.36"
::1 - - [2022-02-14T22:59:23+02:00] "GET /api/competitions-schedule-db HTTP/1.1" 304 - "http://localhost:3000/ajakava" "Mozilla/5.0 (Windows NT 10.0; Win64; x64) AppleWebKit/537.36 (KHTML, like Gecko) Chrome/98.0.4758.82 Safari/537.36"
::1 - - [2022-02-14T23:15:08+02:00] "GET /ajakava HTTP/1.1" 304 - "-" "Mozilla/5.0 (Windows NT 10.0; Win64; x64) AppleWebKit/537.36 (KHTML, like Gecko) Chrome/98.0.4758.82 Safari/537.36"
::1 - - [2022-02-14T23:15:08+02:00] "GET /api/competitions-schedule HTTP/1.1" 404 164 "http://localhost:3000/ajakava" "Mozilla/5.0 (Windows NT 10.0; Win64; x64) AppleWebKit/537.36 (KHTML, like Gecko) Chrome/98.0.4758.82 Safari/537.36"
::1 - - [2022-02-14T23:15:19+02:00] "GET /api/competitions-schedule HTTP/1.1" 404 164 "-" "Mozilla/5.0 (Windows NT 10.0; Win64; x64) AppleWebKit/537.36 (KHTML, like Gecko) Chrome/98.0.4758.82 Safari/537.36"
::1 - - [2022-02-14T23:15:44+02:00] "GET /ajakava HTTP/1.1" 304 - "-" "Mozilla/5.0 (Windows NT 10.0; Win64; x64) AppleWebKit/537.36 (KHTML, like Gecko) Chrome/98.0.4758.82 Safari/537.36"
::1 - - [2022-02-14T23:15:44+02:00] "GET /api/competitions-schedule HTTP/1.1" 200 1833 "http://localhost:3000/ajakava" "Mozilla/5.0 (Windows NT 10.0; Win64; x64) AppleWebKit/537.36 (KHTML, like Gecko) Chrome/98.0.4758.82 Safari/537.36"
::1 - - [2022-02-14T23:15:48+02:00] "GET /api/competitions-schedule-db HTTP/1.1" 404 167 "-" "Mozilla/5.0 (Windows NT 10.0; Win64; x64) AppleWebKit/537.36 (KHTML, like Gecko) Chrome/98.0.4758.82 Safari/537.36"
::1 - - [2022-02-14T23:15:51+02:00] "GET /api/competitions-schedule HTTP/1.1" 304 - "-" "Mozilla/5.0 (Windows NT 10.0; Win64; x64) AppleWebKit/537.36 (KHTML, like Gecko) Chrome/98.0.4758.82 Safari/537.36"
::1 - - [2022-02-14T23:16:16+02:00] "GET /api/competitions-schedule HTTP/1.1" 200 1833 "-" "PostmanRuntime/7.28.4"
::1 - - [2022-02-14T23:20:23+02:00] "GET /api/competitions-schedule/123 HTTP/1.1" 500 1580 "-" "Mozilla/5.0 (Windows NT 10.0; Win64; x64) AppleWebKit/537.36 (KHTML, like Gecko) Chrome/98.0.4758.82 Safari/537.36"
::1 - - [2022-02-14T23:22:40+02:00] "GET /api/competitions-schedule/123 HTTP/1.1" 200 3 "-" "Mozilla/5.0 (Windows NT 10.0; Win64; x64) AppleWebKit/537.36 (KHTML, like Gecko) Chrome/98.0.4758.82 Safari/537.36"
::1 - - [2022-02-14T23:22:48+02:00] "GET /api/competitions-schedule/mingipikkjajamajutt HTTP/1.1" 200 19 "-" "Mozilla/5.0 (Windows NT 10.0; Win64; x64) AppleWebKit/537.36 (KHTML, like Gecko) Chrome/98.0.4758.82 Safari/537.36"
::1 - - [2022-02-14T23:22:54+02:00] "GET /api/competitions-schedule/ HTTP/1.1" 200 1833 "-" "Mozilla/5.0 (Windows NT 10.0; Win64; x64) AppleWebKit/537.36 (KHTML, like Gecko) Chrome/98.0.4758.82 Safari/537.36"
::1 - - [2022-02-14T23:25:50+02:00] "GET /api/competitions-schedule/random HTTP/1.1" 200 6 "-" "PostmanRuntime/7.28.4"
::1 - - [2022-02-14T23:27:19+02:00] "POST /api/competitions-schedule?comp_date=14.02.2022&comp_name=Valetinip%C3%A4eva%20turniir&comp_location=%C3%95ues HTTP/1.1" 500 773 "-" "PostmanRuntime/7.28.4"
::1 - - [2022-02-14T23:29:19+02:00] "POST /api/competitions-schedule HTTP/1.1" 500 886 "-" "PostmanRuntime/7.28.4"
::1 - - [2022-02-14T23:30:13+02:00] "POST /api/competitions-schedule HTTP/1.1" 200 55 "-" "PostmanRuntime/7.28.4"
::1 - - [2022-02-14T23:30:37+02:00] "GET /ajakava HTTP/1.1" 304 - "-" "Mozilla/5.0 (Windows NT 10.0; Win64; x64) AppleWebKit/537.36 (KHTML, like Gecko) Chrome/98.0.4758.82 Safari/537.36"
::1 - - [2022-02-14T23:30:37+02:00] "GET /api/competitions-schedule HTTP/1.1" 200 1930 "http://localhost:3000/ajakava" "Mozilla/5.0 (Windows NT 10.0; Win64; x64) AppleWebKit/537.36 (KHTML, like Gecko) Chrome/98.0.4758.82 Safari/537.36"
::1 - - [2022-02-14T23:33:14+02:00] "PUT /api/competitions-schedule HTTP/1.1" 404 164 "-" "PostmanRuntime/7.28.4"
::1 - - [2022-02-14T23:33:37+02:00] "GET /api/competitions-schedule/ HTTP/1.1" 200 1930 "-" "Mozilla/5.0 (Windows NT 10.0; Win64; x64) AppleWebKit/537.36 (KHTML, like Gecko) Chrome/98.0.4758.82 Safari/537.36"
::1 - - [2022-02-14T23:35:21+02:00] "PUT /api/competitions-schedule HTTP/1.1" 404 164 "-" "PostmanRuntime/7.28.4"
::1 - - [2022-02-14T23:37:48+02:00] "PUT /api/competitions-schedule/14 HTTP/1.1" 200 55 "-" "PostmanRuntime/7.28.4"
::1 - - [2022-02-14T23:40:39+02:00] "DELETE /api/competitions-schedule/14 HTTP/1.1" 200 55 "-" "PostmanRuntime/7.28.4"
::1 - - [2022-02-14T23:41:45+02:00] "GET /api/competitions-schedule HTTP/1.1" 200 1833 "-" "PostmanRuntime/7.28.4"
::1 - - [2022-02-14T23:41:51+02:00] "GET /api/competitions-schedule/random HTTP/1.1" 200 6 "-" "PostmanRuntime/7.28.4"
::1 - - [2022-02-14T23:42:00+02:00] "POST /api/competitions-schedule HTTP/1.1" 200 55 "-" "PostmanRuntime/7.28.4"
::1 - - [2022-02-14T23:42:10+02:00] "GET /ajakava HTTP/1.1" 304 - "-" "Mozilla/5.0 (Windows NT 10.0; Win64; x64) AppleWebKit/537.36 (KHTML, like Gecko) Chrome/98.0.4758.82 Safari/537.36"
::1 - - [2022-02-14T23:42:10+02:00] "GET /api/competitions-schedule HTTP/1.1" 200 1930 "http://localhost:3000/ajakava" "Mozilla/5.0 (Windows NT 10.0; Win64; x64) AppleWebKit/537.36 (KHTML, like Gecko) Chrome/98.0.4758.82 Safari/537.36"
::1 - - [2022-02-14T23:42:17+02:00] "PUT /api/competitions-schedule/14 HTTP/1.1" 200 52 "-" "PostmanRuntime/7.28.4"
::1 - - [2022-02-14T23:42:41+02:00] "PUT /api/competitions-schedule/15 HTTP/1.1" 200 55 "-" "PostmanRuntime/7.28.4"
::1 - - [2022-02-14T23:42:46+02:00] "GET /ajakava HTTP/1.1" 304 - "-" "Mozilla/5.0 (Windows NT 10.0; Win64; x64) AppleWebKit/537.36 (KHTML, like Gecko) Chrome/98.0.4758.82 Safari/537.36"
::1 - - [2022-02-14T23:42:46+02:00] "GET /api/competitions-schedule HTTP/1.1" 200 1936 "http://localhost:3000/ajakava" "Mozilla/5.0 (Windows NT 10.0; Win64; x64) AppleWebKit/537.36 (KHTML, like Gecko) Chrome/98.0.4758.82 Safari/537.36"
::1 - - [2022-02-14T23:42:57+02:00] "DELETE /api/competitions-schedule/15 HTTP/1.1" 200 55 "-" "PostmanRuntime/7.28.4"
::1 - - [2022-02-14T23:43:00+02:00] "GET /ajakava HTTP/1.1" 304 - "-" "Mozilla/5.0 (Windows NT 10.0; Win64; x64) AppleWebKit/537.36 (KHTML, like Gecko) Chrome/98.0.4758.82 Safari/537.36"
::1 - - [2022-02-14T23:43:00+02:00] "GET /api/competitions-schedule HTTP/1.1" 200 1833 "http://localhost:3000/ajakava" "Mozilla/5.0 (Windows NT 10.0; Win64; x64) AppleWebKit/537.36 (KHTML, like Gecko) Chrome/98.0.4758.82 Safari/537.36"
::1 - - [2022-02-14T23:45:07+02:00] "GET /api/competitions-schedule HTTP/1.1" 200 1833 "-" "PostmanRuntime/7.28.4"
::1 - - [2022-02-14T23:45:13+02:00] "GET /api/competitions-schedule/random HTTP/1.1" 200 6 "-" "PostmanRuntime/7.28.4"
::1 - - [2022-02-14T23:45:18+02:00] "POST /api/competitions-schedule HTTP/1.1" 200 46 "-" "PostmanRuntime/7.28.4"
::1 - - [2022-02-14T23:47:43+02:00] "DELETE /api/competitions-schedule/16 HTTP/1.1" 500 492 "-" "PostmanRuntime/7.28.4"
::1 - - [2022-02-14T23:49:04+02:00] "DELETE /api/competitions-schedule/16 HTTP/1.1" 200 43 "-" "PostmanRuntime/7.28.4"
::1 - - [2022-02-14T23:49:32+02:00] "POST /api/competitions-schedule HTTP/1.1" 200 46 "-" "PostmanRuntime/7.28.4"
::1 - - [2022-02-14T23:49:39+02:00] "DELETE /api/competitions-schedule/16 HTTP/1.1" 200 43 "-" "PostmanRuntime/7.28.4"
::1 - - [2022-02-14T23:49:55+02:00] "POST /api/competitions-schedule HTTP/1.1" 200 46 "-" "PostmanRuntime/7.28.4"
::1 - - [2022-02-14T23:49:56+02:00] "POST /api/competitions-schedule HTTP/1.1" 200 46 "-" "PostmanRuntime/7.28.4"
::1 - - [2022-02-14T23:50:00+02:00] "GET /ajakava HTTP/1.1" 304 - "-" "Mozilla/5.0 (Windows NT 10.0; Win64; x64) AppleWebKit/537.36 (KHTML, like Gecko) Chrome/98.0.4758.82 Safari/537.36"
::1 - - [2022-02-14T23:50:00+02:00] "GET /api/competitions-schedule HTTP/1.1" 200 2124 "http://localhost:3000/ajakava" "Mozilla/5.0 (Windows NT 10.0; Win64; x64) AppleWebKit/537.36 (KHTML, like Gecko) Chrome/98.0.4758.82 Safari/537.36"
::1 - - [2022-02-14T23:50:04+02:00] "GET /api/competitions-schedule/ HTTP/1.1" 200 2124 "-" "Mozilla/5.0 (Windows NT 10.0; Win64; x64) AppleWebKit/537.36 (KHTML, like Gecko) Chrome/98.0.4758.82 Safari/537.36"
::1 - - [2022-02-14T23:50:15+02:00] "DELETE /api/competitions-schedule/17 HTTP/1.1" 200 46 "-" "PostmanRuntime/7.28.4"
::1 - - [2022-02-14T23:50:19+02:00] "DELETE /api/competitions-schedule/18 HTTP/1.1" 200 46 "-" "PostmanRuntime/7.28.4"
::1 - - [2022-02-14T23:50:21+02:00] "DELETE /api/competitions-schedule/19 HTTP/1.1" 200 46 "-" "PostmanRuntime/7.28.4"
::1 - - [2022-02-14T23:50:27+02:00] "GET /ajakava HTTP/1.1" 304 - "-" "Mozilla/5.0 (Windows NT 10.0; Win64; x64) AppleWebKit/537.36 (KHTML, like Gecko) Chrome/98.0.4758.82 Safari/537.36"
::1 - - [2022-02-14T23:50:27+02:00] "GET /api/competitions-schedule HTTP/1.1" 200 1833 "http://localhost:3000/ajakava" "Mozilla/5.0 (Windows NT 10.0; Win64; x64) AppleWebKit/537.36 (KHTML, like Gecko) Chrome/98.0.4758.82 Safari/537.36"
::1 - - [2022-02-14T23:54:46+02:00] "GET /ajakava HTTP/1.1" 304 - "-" "Mozilla/5.0 (Windows NT 10.0; Win64; x64) AppleWebKit/537.36 (KHTML, like Gecko) Chrome/98.0.4758.82 Safari/537.36"
::1 - - [2022-02-14T23:54:46+02:00] "GET /api/competitions-schedule HTTP/1.1" 304 - "http://localhost:3000/ajakava" "Mozilla/5.0 (Windows NT 10.0; Win64; x64) AppleWebKit/537.36 (KHTML, like Gecko) Chrome/98.0.4758.82 Safari/537.36"
::1 - - [2022-02-14T23:54:49+02:00] "GET /api/competitions-schedule/ HTTP/1.1" 200 1833 "-" "Mozilla/5.0 (Windows NT 10.0; Win64; x64) AppleWebKit/537.36 (KHTML, like Gecko) Chrome/98.0.4758.82 Safari/537.36"
::1 - - [2022-02-16T22:24:32+02:00] "GET / HTTP/1.1" 302 60 "-" "Mozilla/5.0 (Windows NT 10.0; Win64; x64) AppleWebKit/537.36 (KHTML, like Gecko) Chrome/98.0.4758.82 Safari/537.36"
::1 - - [2022-02-16T22:24:32+02:00] "GET /ajakava HTTP/1.1" 304 - "-" "Mozilla/5.0 (Windows NT 10.0; Win64; x64) AppleWebKit/537.36 (KHTML, like Gecko) Chrome/98.0.4758.82 Safari/537.36"
::1 - - [2022-02-16T22:24:33+02:00] "GET /api/competitions-schedule HTTP/1.1" 304 - "http://localhost:3000/ajakava" "Mozilla/5.0 (Windows NT 10.0; Win64; x64) AppleWebKit/537.36 (KHTML, like Gecko) Chrome/98.0.4758.82 Safari/537.36"
::1 - - [2022-02-16T22:24:39+02:00] "GET /voistlus/lisa HTTP/1.1" 304 - "http://localhost:3000/ajakava" "Mozilla/5.0 (Windows NT 10.0; Win64; x64) AppleWebKit/537.36 (KHTML, like Gecko) Chrome/98.0.4758.82 Safari/537.36"
::1 - - [2022-02-16T22:28:27+02:00] "GET /voistlus/registreeri/ HTTP/1.1" 304 - "http://localhost:3000/voistlus/lisa" "Mozilla/5.0 (Windows NT 10.0; Win64; x64) AppleWebKit/537.36 (KHTML, like Gecko) Chrome/98.0.4758.82 Safari/537.36"
::1 - - [2022-02-16T22:28:28+02:00] "GET /voistlus/mangud HTTP/1.1" 304 - "http://localhost:3000/voistlus/registreeri/" "Mozilla/5.0 (Windows NT 10.0; Win64; x64) AppleWebKit/537.36 (KHTML, like Gecko) Chrome/98.0.4758.82 Safari/537.36"
::1 - - [2022-02-16T22:28:28+02:00] "GET /api/competitions-games HTTP/1.1" 304 - "http://localhost:3000/voistlus/mangud" "Mozilla/5.0 (Windows NT 10.0; Win64; x64) AppleWebKit/537.36 (KHTML, like Gecko) Chrome/98.0.4758.82 Safari/537.36"
::1 - - [2022-02-16T22:47:45+02:00] "GET /voistlus/mangud HTTP/1.1" 304 - "-" "Mozilla/5.0 (Windows NT 10.0; Win64; x64) AppleWebKit/537.36 (KHTML, like Gecko) Chrome/98.0.4758.82 Safari/537.36"
::1 - - [2022-02-16T22:47:45+02:00] "GET /api/competitions-games HTTP/1.1" 304 - "http://localhost:3000/voistlus/mangud" "Mozilla/5.0 (Windows NT 10.0; Win64; x64) AppleWebKit/537.36 (KHTML, like Gecko) Chrome/98.0.4758.82 Safari/537.36"
::1 - - [2022-02-16T22:51:49+02:00] "GET /voistlus/mangud HTTP/1.1" 304 - "-" "Mozilla/5.0 (Windows NT 10.0; Win64; x64) AppleWebKit/537.36 (KHTML, like Gecko) Chrome/98.0.4758.82 Safari/537.36"
::1 - - [2022-02-16T22:51:49+02:00] "GET /api/competitions-games HTTP/1.1" 304 - "http://localhost:3000/voistlus/mangud" "Mozilla/5.0 (Windows NT 10.0; Win64; x64) AppleWebKit/537.36 (KHTML, like Gecko) Chrome/98.0.4758.82 Safari/537.36"
::1 - - [2022-02-16T22:54:53+02:00] "GET /tulemused HTTP/1.1" 304 - "http://localhost:3000/voistlus/mangud" "Mozilla/5.0 (Windows NT 10.0; Win64; x64) AppleWebKit/537.36 (KHTML, like Gecko) Chrome/98.0.4758.82 Safari/537.36"
::1 - - [2022-02-16T22:57:09+02:00] "GET /voistlus/mangud HTTP/1.1" 200 9781 "-" "Mozilla/5.0 (Windows NT 10.0; Win64; x64) AppleWebKit/537.36 (KHTML, like Gecko) Chrome/98.0.4758.82 Safari/537.36"
::1 - - [2022-02-16T22:57:09+02:00] "GET /api/competitions-games HTTP/1.1" 304 - "http://localhost:3000/voistlus/mangud" "Mozilla/5.0 (Windows NT 10.0; Win64; x64) AppleWebKit/537.36 (KHTML, like Gecko) Chrome/98.0.4758.82 Safari/537.36"
::1 - - [2022-02-16T22:57:20+02:00] "GET /voistlus/mangud HTTP/1.1" 200 9821 "-" "Mozilla/5.0 (Windows NT 10.0; Win64; x64) AppleWebKit/537.36 (KHTML, like Gecko) Chrome/98.0.4758.82 Safari/537.36"
::1 - - [2022-02-16T22:57:21+02:00] "GET /api/competitions-games HTTP/1.1" 304 - "http://localhost:3000/voistlus/mangud" "Mozilla/5.0 (Windows NT 10.0; Win64; x64) AppleWebKit/537.36 (KHTML, like Gecko) Chrome/98.0.4758.82 Safari/537.36"
::1 - - [2022-02-16T22:57:49+02:00] "GET /voistlus/info HTTP/1.1" 200 6128 "http://localhost:3000/voistlus/mangud" "Mozilla/5.0 (Windows NT 10.0; Win64; x64) AppleWebKit/537.36 (KHTML, like Gecko) Chrome/98.0.4758.82 Safari/537.36"
::1 - - [2022-02-16T22:57:49+02:00] "GET /api/competitions-games HTTP/1.1" 304 - "http://localhost:3000/voistlus/info" "Mozilla/5.0 (Windows NT 10.0; Win64; x64) AppleWebKit/537.36 (KHTML, like Gecko) Chrome/98.0.4758.82 Safari/537.36"
::1 - - [2022-02-16T22:57:50+02:00] "GET /voistlus/paigutus HTTP/1.1" 200 4652 "http://localhost:3000/voistlus/info" "Mozilla/5.0 (Windows NT 10.0; Win64; x64) AppleWebKit/537.36 (KHTML, like Gecko) Chrome/98.0.4758.82 Safari/537.36"
::1 - - [2022-02-16T22:57:50+02:00] "GET /voistlus/tabel HTTP/1.1" 200 63448 "http://localhost:3000/voistlus/paigutus" "Mozilla/5.0 (Windows NT 10.0; Win64; x64) AppleWebKit/537.36 (KHTML, like Gecko) Chrome/98.0.4758.82 Safari/537.36"
::1 - - [2022-02-16T22:57:51+02:00] "GET /api/competitions-games HTTP/1.1" 304 - "http://localhost:3000/voistlus/tabel" "Mozilla/5.0 (Windows NT 10.0; Win64; x64) AppleWebKit/537.36 (KHTML, like Gecko) Chrome/98.0.4758.82 Safari/537.36"
::1 - - [2022-02-16T22:57:52+02:00] "GET /voistlus/mangud HTTP/1.1" 304 - "http://localhost:3000/voistlus/tabel" "Mozilla/5.0 (Windows NT 10.0; Win64; x64) AppleWebKit/537.36 (KHTML, like Gecko) Chrome/98.0.4758.82 Safari/537.36"
::1 - - [2022-02-16T22:57:52+02:00] "GET /api/competitions-games HTTP/1.1" 304 - "http://localhost:3000/voistlus/mangud" "Mozilla/5.0 (Windows NT 10.0; Win64; x64) AppleWebKit/537.36 (KHTML, like Gecko) Chrome/98.0.4758.82 Safari/537.36"
::1 - - [2022-02-16T22:57:53+02:00] "GET /voistlus/tulemused HTTP/1.1" 200 4653 "http://localhost:3000/voistlus/mangud" "Mozilla/5.0 (Windows NT 10.0; Win64; x64) AppleWebKit/537.36 (KHTML, like Gecko) Chrome/98.0.4758.82 Safari/537.36"
::1 - - [2022-02-16T22:57:53+02:00] "GET /voistlus/auhinnad HTTP/1.1" 200 23269 "http://localhost:3000/voistlus/tulemused" "Mozilla/5.0 (Windows NT 10.0; Win64; x64) AppleWebKit/537.36 (KHTML, like Gecko) Chrome/98.0.4758.82 Safari/537.36"
::1 - - [2022-02-16T22:57:55+02:00] "GET /voistlus/mangud HTTP/1.1" 304 - "http://localhost:3000/voistlus/auhinnad" "Mozilla/5.0 (Windows NT 10.0; Win64; x64) AppleWebKit/537.36 (KHTML, like Gecko) Chrome/98.0.4758.82 Safari/537.36"
::1 - - [2022-02-16T22:57:55+02:00] "GET /api/competitions-games HTTP/1.1" 304 - "http://localhost:3000/voistlus/mangud" "Mozilla/5.0 (Windows NT 10.0; Win64; x64) AppleWebKit/537.36 (KHTML, like Gecko) Chrome/98.0.4758.82 Safari/537.36"
::1 - - [2022-02-16T23:00:08+02:00] "GET /voistlus/mangud HTTP/1.1" 304 - "http://localhost:3000/voistlus/auhinnad" "Mozilla/5.0 (Windows NT 10.0; Win64; x64) AppleWebKit/537.36 (KHTML, like Gecko) Chrome/98.0.4758.82 Safari/537.36"
::1 - - [2022-02-16T23:00:08+02:00] "GET /api/competitions-games HTTP/1.1" 304 - "http://localhost:3000/voistlus/mangud" "Mozilla/5.0 (Windows NT 10.0; Win64; x64) AppleWebKit/537.36 (KHTML, like Gecko) Chrome/98.0.4758.82 Safari/537.36"
::1 - - [2022-02-16T23:00:21+02:00] "GET /voistlus/mangud HTTP/1.1" 304 - "http://localhost:3000/voistlus/auhinnad" "Mozilla/5.0 (Windows NT 10.0; Win64; x64) AppleWebKit/537.36 (KHTML, like Gecko) Chrome/98.0.4758.82 Safari/537.36"
::1 - - [2022-02-16T23:00:21+02:00] "GET /api/competitions-games HTTP/1.1" 304 - "http://localhost:3000/voistlus/mangud" "Mozilla/5.0 (Windows NT 10.0; Win64; x64) AppleWebKit/537.36 (KHTML, like Gecko) Chrome/98.0.4758.82 Safari/537.36"
::1 - - [2022-02-16T23:00:35+02:00] "GET /voistlus/mangud HTTP/1.1" 304 - "http://localhost:3000/voistlus/auhinnad" "Mozilla/5.0 (Windows NT 10.0; Win64; x64) AppleWebKit/537.36 (KHTML, like Gecko) Chrome/98.0.4758.82 Safari/537.36"
::1 - - [2022-02-16T23:00:35+02:00] "GET /api/competitions-games HTTP/1.1" 304 - "http://localhost:3000/voistlus/mangud" "Mozilla/5.0 (Windows NT 10.0; Win64; x64) AppleWebKit/537.36 (KHTML, like Gecko) Chrome/98.0.4758.82 Safari/537.36"
::1 - - [2022-02-16T23:00:58+02:00] "GET /voistlus/mangud HTTP/1.1" 304 - "http://localhost:3000/voistlus/auhinnad" "Mozilla/5.0 (Windows NT 10.0; Win64; x64) AppleWebKit/537.36 (KHTML, like Gecko) Chrome/98.0.4758.82 Safari/537.36"
::1 - - [2022-02-16T23:00:58+02:00] "GET /api/competitions-games HTTP/1.1" 304 - "http://localhost:3000/voistlus/mangud" "Mozilla/5.0 (Windows NT 10.0; Win64; x64) AppleWebKit/537.36 (KHTML, like Gecko) Chrome/98.0.4758.82 Safari/537.36"
::1 - - [2022-02-16T23:27:32+02:00] "GET / HTTP/1.1" 200 7584 "-" "Mozilla/5.0 (Windows NT 10.0; Win64; x64) AppleWebKit/537.36 (KHTML, like Gecko) Chrome/98.0.4758.82 Safari/537.36"
::1 - - [2022-02-16T23:27:32+02:00] "GET /api/competitions-schedule HTTP/1.1" 304 - "http://localhost:3000/" "Mozilla/5.0 (Windows NT 10.0; Win64; x64) AppleWebKit/537.36 (KHTML, like Gecko) Chrome/98.0.4758.82 Safari/537.36"
::1 - - [2022-02-16T23:28:45+02:00] "GET / HTTP/1.1" 200 7711 "-" "Mozilla/5.0 (Windows NT 10.0; Win64; x64) AppleWebKit/537.36 (KHTML, like Gecko) Chrome/98.0.4758.82 Safari/537.36"
::1 - - [2022-02-16T23:28:45+02:00] "GET /api/competitions-schedule HTTP/1.1" 304 - "http://localhost:3000/" "Mozilla/5.0 (Windows NT 10.0; Win64; x64) AppleWebKit/537.36 (KHTML, like Gecko) Chrome/98.0.4758.82 Safari/537.36"
::1 - - [2022-02-16T23:29:52+02:00] "GET / HTTP/1.1" 200 7722 "-" "Mozilla/5.0 (Windows NT 10.0; Win64; x64) AppleWebKit/537.36 (KHTML, like Gecko) Chrome/98.0.4758.82 Safari/537.36"
::1 - - [2022-02-16T23:29:53+02:00] "GET /api/competitions-schedule HTTP/1.1" 304 - "http://localhost:3000/" "Mozilla/5.0 (Windows NT 10.0; Win64; x64) AppleWebKit/537.36 (KHTML, like Gecko) Chrome/98.0.4758.82 Safari/537.36"
::1 - - [2022-02-16T23:29:59+02:00] "GET / HTTP/1.1" 200 7722 "-" "Mozilla/5.0 (Windows NT 10.0; Win64; x64) AppleWebKit/537.36 (KHTML, like Gecko) Chrome/98.0.4758.82 Safari/537.36"
::1 - - [2022-02-16T23:29:59+02:00] "GET /api/competitions-schedule HTTP/1.1" 304 - "http://localhost:3000/" "Mozilla/5.0 (Windows NT 10.0; Win64; x64) AppleWebKit/537.36 (KHTML, like Gecko) Chrome/98.0.4758.82 Safari/537.36"
::1 - - [2022-02-16T23:30:06+02:00] "GET / HTTP/1.1" 200 7722 "-" "Mozilla/5.0 (Windows NT 10.0; Win64; x64) AppleWebKit/537.36 (KHTML, like Gecko) Chrome/98.0.4758.82 Safari/537.36"
::1 - - [2022-02-16T23:30:06+02:00] "GET /api/competitions-schedule HTTP/1.1" 304 - "http://localhost:3000/" "Mozilla/5.0 (Windows NT 10.0; Win64; x64) AppleWebKit/537.36 (KHTML, like Gecko) Chrome/98.0.4758.82 Safari/537.36"
::1 - - [2022-02-16T23:30:26+02:00] "GET / HTTP/1.1" 200 7722 "-" "Mozilla/5.0 (Windows NT 10.0; Win64; x64) AppleWebKit/537.36 (KHTML, like Gecko) Chrome/98.0.4758.82 Safari/537.36"
::1 - - [2022-02-16T23:30:26+02:00] "GET /api/competitions-schedule HTTP/1.1" 304 - "http://localhost:3000/" "Mozilla/5.0 (Windows NT 10.0; Win64; x64) AppleWebKit/537.36 (KHTML, like Gecko) Chrome/98.0.4758.82 Safari/537.36"
::1 - - [2022-02-16T23:30:39+02:00] "GET / HTTP/1.1" 200 7742 "-" "Mozilla/5.0 (Windows NT 10.0; Win64; x64) AppleWebKit/537.36 (KHTML, like Gecko) Chrome/98.0.4758.82 Safari/537.36"
::1 - - [2022-02-16T23:30:40+02:00] "GET /api/competitions-schedule HTTP/1.1" 304 - "http://localhost:3000/" "Mozilla/5.0 (Windows NT 10.0; Win64; x64) AppleWebKit/537.36 (KHTML, like Gecko) Chrome/98.0.4758.82 Safari/537.36"
::1 - - [2022-02-16T23:31:24+02:00] "GET / HTTP/1.1" 200 7742 "-" "Mozilla/5.0 (Windows NT 10.0; Win64; x64) AppleWebKit/537.36 (KHTML, like Gecko) Chrome/98.0.4758.82 Safari/537.36"
::1 - - [2022-02-16T23:31:24+02:00] "GET /api/competitions-schedule HTTP/1.1" 304 - "http://localhost:3000/" "Mozilla/5.0 (Windows NT 10.0; Win64; x64) AppleWebKit/537.36 (KHTML, like Gecko) Chrome/98.0.4758.82 Safari/537.36"
::1 - - [2022-02-16T23:31:31+02:00] "GET /ajakava HTTP/1.1" 200 3994 "http://localhost:3000/" "Mozilla/5.0 (Windows NT 10.0; Win64; x64) AppleWebKit/537.36 (KHTML, like Gecko) Chrome/98.0.4758.82 Safari/537.36"
::1 - - [2022-02-16T23:31:31+02:00] "GET /api/competitions-schedule HTTP/1.1" 304 - "http://localhost:3000/ajakava" "Mozilla/5.0 (Windows NT 10.0; Win64; x64) AppleWebKit/537.36 (KHTML, like Gecko) Chrome/98.0.4758.82 Safari/537.36"
::1 - - [2022-02-16T23:31:41+02:00] "GET /treeningud HTTP/1.1" 200 7059 "http://localhost:3000/ajakava" "Mozilla/5.0 (Windows NT 10.0; Win64; x64) AppleWebKit/537.36 (KHTML, like Gecko) Chrome/98.0.4758.82 Safari/537.36"
::1 - - [2022-02-16T23:31:48+02:00] "GET /voistlus/lisa HTTP/1.1" 200 5876 "http://localhost:3000/treeningud" "Mozilla/5.0 (Windows NT 10.0; Win64; x64) AppleWebKit/537.36 (KHTML, like Gecko) Chrome/98.0.4758.82 Safari/537.36"
::1 - - [2022-02-16T23:31:49+02:00] "GET /voistlus/registreeri/ HTTP/1.1" 200 5857 "http://localhost:3000/voistlus/lisa" "Mozilla/5.0 (Windows NT 10.0; Win64; x64) AppleWebKit/537.36 (KHTML, like Gecko) Chrome/98.0.4758.82 Safari/537.36"
::1 - - [2022-02-16T23:31:51+02:00] "GET /voistlus/mangud HTTP/1.1" 200 9979 "http://localhost:3000/voistlus/registreeri/" "Mozilla/5.0 (Windows NT 10.0; Win64; x64) AppleWebKit/537.36 (KHTML, like Gecko) Chrome/98.0.4758.82 Safari/537.36"
::1 - - [2022-02-16T23:31:51+02:00] "GET /api/competitions-games HTTP/1.1" 304 - "http://localhost:3000/voistlus/mangud" "Mozilla/5.0 (Windows NT 10.0; Win64; x64) AppleWebKit/537.36 (KHTML, like Gecko) Chrome/98.0.4758.82 Safari/537.36"
::1 - - [2022-02-16T23:32:09+02:00] "GET /voistlus/tabel HTTP/1.1" 200 63606 "http://localhost:3000/voistlus/mangud" "Mozilla/5.0 (Windows NT 10.0; Win64; x64) AppleWebKit/537.36 (KHTML, like Gecko) Chrome/98.0.4758.82 Safari/537.36"
::1 - - [2022-02-16T23:32:09+02:00] "GET /api/competitions-games HTTP/1.1" 304 - "http://localhost:3000/voistlus/tabel" "Mozilla/5.0 (Windows NT 10.0; Win64; x64) AppleWebKit/537.36 (KHTML, like Gecko) Chrome/98.0.4758.82 Safari/537.36"
::1 - - [2022-02-16T23:32:14+02:00] "GET / HTTP/1.1" 304 - "http://localhost:3000/voistlus/tabel" "Mozilla/5.0 (Windows NT 10.0; Win64; x64) AppleWebKit/537.36 (KHTML, like Gecko) Chrome/98.0.4758.82 Safari/537.36"
::1 - - [2022-02-16T23:32:14+02:00] "GET /api/competitions-schedule HTTP/1.1" 304 - "http://localhost:3000/" "Mozilla/5.0 (Windows NT 10.0; Win64; x64) AppleWebKit/537.36 (KHTML, like Gecko) Chrome/98.0.4758.82 Safari/537.36"
::1 - - [2022-02-16T23:33:26+02:00] "GET / HTTP/1.1" 200 8278 "http://localhost:3000/voistlus/tabel" "Mozilla/5.0 (Windows NT 10.0; Win64; x64) AppleWebKit/537.36 (KHTML, like Gecko) Chrome/98.0.4758.82 Safari/537.36"
::1 - - [2022-02-16T23:33:26+02:00] "GET /api/competitions-schedule HTTP/1.1" 304 - "http://localhost:3000/" "Mozilla/5.0 (Windows NT 10.0; Win64; x64) AppleWebKit/537.36 (KHTML, like Gecko) Chrome/98.0.4758.82 Safari/537.36"
::1 - - [2022-02-16T23:35:49+02:00] "GET / HTTP/1.1" 200 8280 "http://localhost:3000/voistlus/tabel" "Mozilla/5.0 (Windows NT 10.0; Win64; x64) AppleWebKit/537.36 (KHTML, like Gecko) Chrome/98.0.4758.82 Safari/537.36"
::1 - - [2022-02-16T23:35:49+02:00] "GET /api/competitions-schedule HTTP/1.1" 304 - "http://localhost:3000/" "Mozilla/5.0 (Windows NT 10.0; Win64; x64) AppleWebKit/537.36 (KHTML, like Gecko) Chrome/98.0.4758.82 Safari/537.36"
::1 - - [2022-02-16T23:36:05+02:00] "GET / HTTP/1.1" 200 8163 "http://localhost:3000/voistlus/tabel" "Mozilla/5.0 (Windows NT 10.0; Win64; x64) AppleWebKit/537.36 (KHTML, like Gecko) Chrome/98.0.4758.82 Safari/537.36"
::1 - - [2022-02-16T23:36:05+02:00] "GET /api/competitions-schedule HTTP/1.1" 304 - "http://localhost:3000/" "Mozilla/5.0 (Windows NT 10.0; Win64; x64) AppleWebKit/537.36 (KHTML, like Gecko) Chrome/98.0.4758.82 Safari/537.36"
::1 - - [2022-02-16T23:36:26+02:00] "GET / HTTP/1.1" 200 8162 "http://localhost:3000/voistlus/tabel" "Mozilla/5.0 (Windows NT 10.0; Win64; x64) AppleWebKit/537.36 (KHTML, like Gecko) Chrome/98.0.4758.82 Safari/537.36"
::1 - - [2022-02-16T23:36:26+02:00] "GET /api/competitions-schedule HTTP/1.1" 304 - "http://localhost:3000/" "Mozilla/5.0 (Windows NT 10.0; Win64; x64) AppleWebKit/537.36 (KHTML, like Gecko) Chrome/98.0.4758.82 Safari/537.36"
::1 - - [2022-02-16T23:36:28+02:00] "GET /ajakava HTTP/1.1" 304 - "http://localhost:3000/" "Mozilla/5.0 (Windows NT 10.0; Win64; x64) AppleWebKit/537.36 (KHTML, like Gecko) Chrome/98.0.4758.82 Safari/537.36"
::1 - - [2022-02-16T23:36:29+02:00] "GET /api/competitions-schedule HTTP/1.1" 304 - "http://localhost:3000/ajakava" "Mozilla/5.0 (Windows NT 10.0; Win64; x64) AppleWebKit/537.36 (KHTML, like Gecko) Chrome/98.0.4758.82 Safari/537.36"
::1 - - [2022-02-16T23:36:30+02:00] "GET / HTTP/1.1" 304 - "http://localhost:3000/ajakava" "Mozilla/5.0 (Windows NT 10.0; Win64; x64) AppleWebKit/537.36 (KHTML, like Gecko) Chrome/98.0.4758.82 Safari/537.36"
::1 - - [2022-02-16T23:36:30+02:00] "GET /api/competitions-schedule HTTP/1.1" 304 - "http://localhost:3000/" "Mozilla/5.0 (Windows NT 10.0; Win64; x64) AppleWebKit/537.36 (KHTML, like Gecko) Chrome/98.0.4758.82 Safari/537.36"
::1 - - [2022-02-16T23:37:36+02:00] "GET / HTTP/1.1" 200 8051 "http://localhost:3000/ajakava" "Mozilla/5.0 (Windows NT 10.0; Win64; x64) AppleWebKit/537.36 (KHTML, like Gecko) Chrome/98.0.4758.82 Safari/537.36"
::1 - - [2022-02-16T23:37:37+02:00] "GET /api/competitions-schedule HTTP/1.1" 304 - "http://localhost:3000/" "Mozilla/5.0 (Windows NT 10.0; Win64; x64) AppleWebKit/537.36 (KHTML, like Gecko) Chrome/98.0.4758.82 Safari/537.36"
::1 - - [2022-02-16T23:37:45+02:00] "GET / HTTP/1.1" 200 8052 "http://localhost:3000/ajakava" "Mozilla/5.0 (Windows NT 10.0; Win64; x64) AppleWebKit/537.36 (KHTML, like Gecko) Chrome/98.0.4758.82 Safari/537.36"
::1 - - [2022-02-16T23:37:45+02:00] "GET /api/competitions-schedule HTTP/1.1" 304 - "http://localhost:3000/" "Mozilla/5.0 (Windows NT 10.0; Win64; x64) AppleWebKit/537.36 (KHTML, like Gecko) Chrome/98.0.4758.82 Safari/537.36"
::1 - - [2022-02-16T23:40:09+02:00] "GET / HTTP/1.1" 200 7928 "http://localhost:3000/ajakava" "Mozilla/5.0 (Windows NT 10.0; Win64; x64) AppleWebKit/537.36 (KHTML, like Gecko) Chrome/98.0.4758.82 Safari/537.36"
::1 - - [2022-02-16T23:40:09+02:00] "GET /api/competitions-schedule HTTP/1.1" 304 - "http://localhost:3000/" "Mozilla/5.0 (Windows NT 10.0; Win64; x64) AppleWebKit/537.36 (KHTML, like Gecko) Chrome/98.0.4758.82 Safari/537.36"
::1 - - [2022-02-16T23:41:42+02:00] "GET / HTTP/1.1" 200 8010 "http://localhost:3000/ajakava" "Mozilla/5.0 (Windows NT 10.0; Win64; x64) AppleWebKit/537.36 (KHTML, like Gecko) Chrome/98.0.4758.82 Safari/537.36"
::1 - - [2022-02-16T23:41:42+02:00] "GET /api/competitions-schedule HTTP/1.1" 304 - "http://localhost:3000/" "Mozilla/5.0 (Windows NT 10.0; Win64; x64) AppleWebKit/537.36 (KHTML, like Gecko) Chrome/98.0.4758.82 Safari/537.36"
::1 - - [2022-02-16T23:42:13+02:00] "GET / HTTP/1.1" 200 8074 "http://localhost:3000/ajakava" "Mozilla/5.0 (Windows NT 10.0; Win64; x64) AppleWebKit/537.36 (KHTML, like Gecko) Chrome/98.0.4758.82 Safari/537.36"
::1 - - [2022-02-16T23:42:13+02:00] "GET /api/competitions-schedule HTTP/1.1" 304 - "http://localhost:3000/" "Mozilla/5.0 (Windows NT 10.0; Win64; x64) AppleWebKit/537.36 (KHTML, like Gecko) Chrome/98.0.4758.82 Safari/537.36"
::1 - - [2022-02-16T23:44:24+02:00] "GET / HTTP/1.1" 200 8079 "http://localhost:3000/ajakava" "Mozilla/5.0 (Windows NT 10.0; Win64; x64) AppleWebKit/537.36 (KHTML, like Gecko) Chrome/98.0.4758.82 Safari/537.36"
::1 - - [2022-02-16T23:44:24+02:00] "GET /api/competitions-schedule HTTP/1.1" 304 - "http://localhost:3000/" "Mozilla/5.0 (Windows NT 10.0; Win64; x64) AppleWebKit/537.36 (KHTML, like Gecko) Chrome/98.0.4758.82 Safari/537.36"
::1 - - [2022-02-16T23:44:34+02:00] "GET / HTTP/1.1" 304 - "http://localhost:3000/ajakava" "Mozilla/5.0 (Windows NT 10.0; Win64; x64) AppleWebKit/537.36 (KHTML, like Gecko) Chrome/98.0.4758.82 Safari/537.36"
::1 - - [2022-02-16T23:44:34+02:00] "GET /api/competitions-schedule HTTP/1.1" 304 - "http://localhost:3000/" "Mozilla/5.0 (Windows NT 10.0; Win64; x64) AppleWebKit/537.36 (KHTML, like Gecko) Chrome/98.0.4758.82 Safari/537.36"
::1 - - [2022-02-16T23:44:42+02:00] "GET / HTTP/1.1" 304 - "http://localhost:3000/ajakava" "Mozilla/5.0 (Windows NT 10.0; Win64; x64) AppleWebKit/537.36 (KHTML, like Gecko) Chrome/98.0.4758.82 Safari/537.36"
::1 - - [2022-02-16T23:44:42+02:00] "GET /api/competitions-schedule HTTP/1.1" 304 - "http://localhost:3000/" "Mozilla/5.0 (Windows NT 10.0; Win64; x64) AppleWebKit/537.36 (KHTML, like Gecko) Chrome/98.0.4758.82 Safari/537.36"
::1 - - [2022-02-16T23:44:59+02:00] "GET / HTTP/1.1" 304 - "http://localhost:3000/ajakava" "Mozilla/5.0 (Windows NT 10.0; Win64; x64) AppleWebKit/537.36 (KHTML, like Gecko) Chrome/98.0.4758.82 Safari/537.36"
::1 - - [2022-02-16T23:45:00+02:00] "GET /api/competitions-schedule HTTP/1.1" 304 - "http://localhost:3000/" "Mozilla/5.0 (Windows NT 10.0; Win64; x64) AppleWebKit/537.36 (KHTML, like Gecko) Chrome/98.0.4758.82 Safari/537.36"
::1 - - [2022-02-16T23:45:22+02:00] "GET / HTTP/1.1" 304 - "http://localhost:3000/ajakava" "Mozilla/5.0 (Windows NT 10.0; Win64; x64) AppleWebKit/537.36 (KHTML, like Gecko) Chrome/98.0.4758.82 Safari/537.36"
::1 - - [2022-02-16T23:45:22+02:00] "GET /api/competitions-schedule HTTP/1.1" 304 - "http://localhost:3000/" "Mozilla/5.0 (Windows NT 10.0; Win64; x64) AppleWebKit/537.36 (KHTML, like Gecko) Chrome/98.0.4758.82 Safari/537.36"
::1 - - [2022-02-16T23:46:36+02:00] "GET / HTTP/1.1" 200 8101 "http://localhost:3000/ajakava" "Mozilla/5.0 (Windows NT 10.0; Win64; x64) AppleWebKit/537.36 (KHTML, like Gecko) Chrome/98.0.4758.82 Safari/537.36"
::1 - - [2022-02-16T23:46:37+02:00] "GET /api/competitions-schedule HTTP/1.1" 304 - "http://localhost:3000/" "Mozilla/5.0 (Windows NT 10.0; Win64; x64) AppleWebKit/537.36 (KHTML, like Gecko) Chrome/98.0.4758.82 Safari/537.36"
::1 - - [2022-02-16T23:46:38+02:00] "GET /ajakava HTTP/1.1" 304 - "http://localhost:3000/" "Mozilla/5.0 (Windows NT 10.0; Win64; x64) AppleWebKit/537.36 (KHTML, like Gecko) Chrome/98.0.4758.82 Safari/537.36"
::1 - - [2022-02-16T23:46:38+02:00] "GET /api/competitions-schedule HTTP/1.1" 304 - "http://localhost:3000/ajakava" "Mozilla/5.0 (Windows NT 10.0; Win64; x64) AppleWebKit/537.36 (KHTML, like Gecko) Chrome/98.0.4758.82 Safari/537.36"
::1 - - [2022-02-16T23:46:39+02:00] "GET / HTTP/1.1" 304 - "http://localhost:3000/ajakava" "Mozilla/5.0 (Windows NT 10.0; Win64; x64) AppleWebKit/537.36 (KHTML, like Gecko) Chrome/98.0.4758.82 Safari/537.36"
::1 - - [2022-02-16T23:46:39+02:00] "GET /api/competitions-schedule HTTP/1.1" 304 - "http://localhost:3000/" "Mozilla/5.0 (Windows NT 10.0; Win64; x64) AppleWebKit/537.36 (KHTML, like Gecko) Chrome/98.0.4758.82 Safari/537.36"
::1 - - [2022-02-16T23:46:42+02:00] "GET /tulemused HTTP/1.1" 200 11249 "http://localhost:3000/" "Mozilla/5.0 (Windows NT 10.0; Win64; x64) AppleWebKit/537.36 (KHTML, like Gecko) Chrome/98.0.4758.82 Safari/537.36"
::1 - - [2022-02-16T23:46:43+02:00] "GET / HTTP/1.1" 304 - "http://localhost:3000/tulemused" "Mozilla/5.0 (Windows NT 10.0; Win64; x64) AppleWebKit/537.36 (KHTML, like Gecko) Chrome/98.0.4758.82 Safari/537.36"
::1 - - [2022-02-16T23:46:44+02:00] "GET /api/competitions-schedule HTTP/1.1" 304 - "http://localhost:3000/" "Mozilla/5.0 (Windows NT 10.0; Win64; x64) AppleWebKit/537.36 (KHTML, like Gecko) Chrome/98.0.4758.82 Safari/537.36"
::1 - - [2022-02-16T23:46:45+02:00] "GET /voistlusjuhend HTTP/1.1" 200 8872 "http://localhost:3000/" "Mozilla/5.0 (Windows NT 10.0; Win64; x64) AppleWebKit/537.36 (KHTML, like Gecko) Chrome/98.0.4758.82 Safari/537.36"
::1 - - [2022-02-16T23:46:47+02:00] "GET / HTTP/1.1" 304 - "http://localhost:3000/voistlusjuhend" "Mozilla/5.0 (Windows NT 10.0; Win64; x64) AppleWebKit/537.36 (KHTML, like Gecko) Chrome/98.0.4758.82 Safari/537.36"
::1 - - [2022-02-16T23:46:47+02:00] "GET /api/competitions-schedule HTTP/1.1" 304 - "http://localhost:3000/" "Mozilla/5.0 (Windows NT 10.0; Win64; x64) AppleWebKit/537.36 (KHTML, like Gecko) Chrome/98.0.4758.82 Safari/537.36"
::1 - - [2022-02-16T23:46:48+02:00] "GET /treeningud HTTP/1.1" 304 - "http://localhost:3000/" "Mozilla/5.0 (Windows NT 10.0; Win64; x64) AppleWebKit/537.36 (KHTML, like Gecko) Chrome/98.0.4758.82 Safari/537.36"
::1 - - [2022-02-16T23:46:50+02:00] "GET / HTTP/1.1" 304 - "http://localhost:3000/treeningud" "Mozilla/5.0 (Windows NT 10.0; Win64; x64) AppleWebKit/537.36 (KHTML, like Gecko) Chrome/98.0.4758.82 Safari/537.36"
::1 - - [2022-02-16T23:46:50+02:00] "GET /api/competitions-schedule HTTP/1.1" 304 - "http://localhost:3000/" "Mozilla/5.0 (Windows NT 10.0; Win64; x64) AppleWebKit/537.36 (KHTML, like Gecko) Chrome/98.0.4758.82 Safari/537.36"
::1 - - [2022-02-16T23:47:58+02:00] "GET /tulemused HTTP/1.1" 304 - "http://localhost:3000/" "Mozilla/5.0 (Windows NT 10.0; Win64; x64) AppleWebKit/537.36 (KHTML, like Gecko) Chrome/98.0.4758.82 Safari/537.36"
::1 - - [2022-02-16T23:48:29+02:00] "GET /tulemused HTTP/1.1" 304 - "http://localhost:3000/" "Mozilla/5.0 (Windows NT 10.0; Win64; x64) AppleWebKit/537.36 (KHTML, like Gecko) Chrome/98.0.4758.82 Safari/537.36"
::1 - - [2022-02-16T23:48:30+02:00] "GET / HTTP/1.1" 200 8073 "http://localhost:3000/tulemused" "Mozilla/5.0 (Windows NT 10.0; Win64; x64) AppleWebKit/537.36 (KHTML, like Gecko) Chrome/98.0.4758.82 Safari/537.36"
::1 - - [2022-02-16T23:48:31+02:00] "GET /api/competitions-schedule HTTP/1.1" 304 - "http://localhost:3000/" "Mozilla/5.0 (Windows NT 10.0; Win64; x64) AppleWebKit/537.36 (KHTML, like Gecko) Chrome/98.0.4758.82 Safari/537.36"
::1 - - [2022-02-16T23:48:50+02:00] "GET / HTTP/1.1" 200 8088 "http://localhost:3000/tulemused" "Mozilla/5.0 (Windows NT 10.0; Win64; x64) AppleWebKit/537.36 (KHTML, like Gecko) Chrome/98.0.4758.82 Safari/537.36"
::1 - - [2022-02-16T23:48:50+02:00] "GET /api/competitions-schedule HTTP/1.1" 304 - "http://localhost:3000/" "Mozilla/5.0 (Windows NT 10.0; Win64; x64) AppleWebKit/537.36 (KHTML, like Gecko) Chrome/98.0.4758.82 Safari/537.36"
::1 - - [2022-02-16T23:49:19+02:00] "GET / HTTP/1.1" 200 8400 "http://localhost:3000/tulemused" "Mozilla/5.0 (Windows NT 10.0; Win64; x64) AppleWebKit/537.36 (KHTML, like Gecko) Chrome/98.0.4758.82 Safari/537.36"
::1 - - [2022-02-16T23:49:19+02:00] "GET /api/competitions-schedule HTTP/1.1" 304 - "http://localhost:3000/" "Mozilla/5.0 (Windows NT 10.0; Win64; x64) AppleWebKit/537.36 (KHTML, like Gecko) Chrome/98.0.4758.82 Safari/537.36"
::1 - - [2022-02-16T23:49:27+02:00] "GET /voistlus/lisa HTTP/1.1" 304 - "http://localhost:3000/" "Mozilla/5.0 (Windows NT 10.0; Win64; x64) AppleWebKit/537.36 (KHTML, like Gecko) Chrome/98.0.4758.82 Safari/537.36"
::1 - - [2022-02-16T23:49:28+02:00] "GET /voistlus/registreeri/ HTTP/1.1" 304 - "http://localhost:3000/voistlus/lisa" "Mozilla/5.0 (Windows NT 10.0; Win64; x64) AppleWebKit/537.36 (KHTML, like Gecko) Chrome/98.0.4758.82 Safari/537.36"
::1 - - [2022-02-16T23:49:29+02:00] "GET /voistlus/mangud HTTP/1.1" 304 - "http://localhost:3000/voistlus/registreeri/" "Mozilla/5.0 (Windows NT 10.0; Win64; x64) AppleWebKit/537.36 (KHTML, like Gecko) Chrome/98.0.4758.82 Safari/537.36"
::1 - - [2022-02-16T23:49:29+02:00] "GET /api/competitions-games HTTP/1.1" 304 - "http://localhost:3000/voistlus/mangud" "Mozilla/5.0 (Windows NT 10.0; Win64; x64) AppleWebKit/537.36 (KHTML, like Gecko) Chrome/98.0.4758.82 Safari/537.36"
::1 - - [2022-02-16T23:49:31+02:00] "GET /voistlus/tabel HTTP/1.1" 304 - "http://localhost:3000/voistlus/mangud" "Mozilla/5.0 (Windows NT 10.0; Win64; x64) AppleWebKit/537.36 (KHTML, like Gecko) Chrome/98.0.4758.82 Safari/537.36"
::1 - - [2022-02-16T23:49:31+02:00] "GET /api/competitions-games HTTP/1.1" 304 - "http://localhost:3000/voistlus/tabel" "Mozilla/5.0 (Windows NT 10.0; Win64; x64) AppleWebKit/537.36 (KHTML, like Gecko) Chrome/98.0.4758.82 Safari/537.36"
::1 - - [2022-02-16T23:49:32+02:00] "GET /voistlus/paigutus HTTP/1.1" 200 4810 "http://localhost:3000/voistlus/tabel" "Mozilla/5.0 (Windows NT 10.0; Win64; x64) AppleWebKit/537.36 (KHTML, like Gecko) Chrome/98.0.4758.82 Safari/537.36"
::1 - - [2022-02-16T23:49:33+02:00] "GET /voistlus/info HTTP/1.1" 200 6286 "http://localhost:3000/voistlus/paigutus" "Mozilla/5.0 (Windows NT 10.0; Win64; x64) AppleWebKit/537.36 (KHTML, like Gecko) Chrome/98.0.4758.82 Safari/537.36"
::1 - - [2022-02-16T23:49:33+02:00] "GET /api/competitions-games HTTP/1.1" 304 - "http://localhost:3000/voistlus/info" "Mozilla/5.0 (Windows NT 10.0; Win64; x64) AppleWebKit/537.36 (KHTML, like Gecko) Chrome/98.0.4758.82 Safari/537.36"
::1 - - [2022-02-16T23:49:34+02:00] "GET /voistlus/tulemused HTTP/1.1" 200 4811 "http://localhost:3000/voistlus/info" "Mozilla/5.0 (Windows NT 10.0; Win64; x64) AppleWebKit/537.36 (KHTML, like Gecko) Chrome/98.0.4758.82 Safari/537.36"
::1 - - [2022-02-16T23:49:35+02:00] "GET /voistlus/auhinnad HTTP/1.1" 200 23427 "http://localhost:3000/voistlus/tulemused" "Mozilla/5.0 (Windows NT 10.0; Win64; x64) AppleWebKit/537.36 (KHTML, like Gecko) Chrome/98.0.4758.82 Safari/537.36"
::1 - - [2022-02-16T23:49:35+02:00] "GET /voistlus/mangud HTTP/1.1" 304 - "http://localhost:3000/voistlus/auhinnad" "Mozilla/5.0 (Windows NT 10.0; Win64; x64) AppleWebKit/537.36 (KHTML, like Gecko) Chrome/98.0.4758.82 Safari/537.36"
::1 - - [2022-02-16T23:49:36+02:00] "GET /api/competitions-games HTTP/1.1" 304 - "http://localhost:3000/voistlus/mangud" "Mozilla/5.0 (Windows NT 10.0; Win64; x64) AppleWebKit/537.36 (KHTML, like Gecko) Chrome/98.0.4758.82 Safari/537.36"
::1 - - [2022-02-16T23:49:55+02:00] "GET / HTTP/1.1" 200 8413 "http://localhost:3000/voistlus/mangud" "Mozilla/5.0 (Windows NT 10.0; Win64; x64) AppleWebKit/537.36 (KHTML, like Gecko) Chrome/98.0.4758.82 Safari/537.36"
::1 - - [2022-02-16T23:49:56+02:00] "GET /api/competitions-schedule HTTP/1.1" 304 - "http://localhost:3000/" "Mozilla/5.0 (Windows NT 10.0; Win64; x64) AppleWebKit/537.36 (KHTML, like Gecko) Chrome/98.0.4758.82 Safari/537.36"
::1 - - [2022-02-16T23:50:15+02:00] "GET / HTTP/1.1" 200 8413 "http://localhost:3000/voistlus/mangud" "Mozilla/5.0 (Windows NT 10.0; Win64; x64) AppleWebKit/537.36 (KHTML, like Gecko) Chrome/98.0.4758.82 Safari/537.36"
::1 - - [2022-02-16T23:50:16+02:00] "GET /api/competitions-schedule HTTP/1.1" 304 - "http://localhost:3000/" "Mozilla/5.0 (Windows NT 10.0; Win64; x64) AppleWebKit/537.36 (KHTML, like Gecko) Chrome/98.0.4758.82 Safari/537.36"
::1 - - [2022-02-16T23:51:01+02:00] "GET / HTTP/1.1" 200 8420 "http://localhost:3000/voistlus/mangud" "Mozilla/5.0 (Windows NT 10.0; Win64; x64) AppleWebKit/537.36 (KHTML, like Gecko) Chrome/98.0.4758.82 Safari/537.36"
::1 - - [2022-02-16T23:51:01+02:00] "GET /api/competitions-schedule HTTP/1.1" 304 - "http://localhost:3000/" "Mozilla/5.0 (Windows NT 10.0; Win64; x64) AppleWebKit/537.36 (KHTML, like Gecko) Chrome/98.0.4758.82 Safari/537.36"
::1 - - [2022-02-16T23:51:20+02:00] "GET / HTTP/1.1" 200 8428 "http://localhost:3000/voistlus/mangud" "Mozilla/5.0 (Windows NT 10.0; Win64; x64) AppleWebKit/537.36 (KHTML, like Gecko) Chrome/98.0.4758.82 Safari/537.36"
::1 - - [2022-02-16T23:51:20+02:00] "GET /api/competitions-schedule HTTP/1.1" 304 - "http://localhost:3000/" "Mozilla/5.0 (Windows NT 10.0; Win64; x64) AppleWebKit/537.36 (KHTML, like Gecko) Chrome/98.0.4758.82 Safari/537.36"
::1 - - [2022-02-16T23:51:38+02:00] "GET / HTTP/1.1" 200 8423 "http://localhost:3000/voistlus/mangud" "Mozilla/5.0 (Windows NT 10.0; Win64; x64) AppleWebKit/537.36 (KHTML, like Gecko) Chrome/98.0.4758.82 Safari/537.36"
::1 - - [2022-02-16T23:51:38+02:00] "GET /api/competitions-schedule HTTP/1.1" 304 - "http://localhost:3000/" "Mozilla/5.0 (Windows NT 10.0; Win64; x64) AppleWebKit/537.36 (KHTML, like Gecko) Chrome/98.0.4758.82 Safari/537.36"
::1 - - [2022-02-16T23:52:11+02:00] "GET / HTTP/1.1" 200 8492 "http://localhost:3000/voistlus/mangud" "Mozilla/5.0 (Windows NT 10.0; Win64; x64) AppleWebKit/537.36 (KHTML, like Gecko) Chrome/98.0.4758.82 Safari/537.36"
::1 - - [2022-02-16T23:52:12+02:00] "GET /api/competitions-schedule HTTP/1.1" 304 - "http://localhost:3000/" "Mozilla/5.0 (Windows NT 10.0; Win64; x64) AppleWebKit/537.36 (KHTML, like Gecko) Chrome/98.0.4758.82 Safari/537.36"
::1 - - [2022-02-16T23:52:36+02:00] "GET /treeningud HTTP/1.1" 304 - "http://localhost:3000/" "Mozilla/5.0 (iPhone; CPU iPhone OS 10_3_1 like Mac OS X) AppleWebKit/603.1.30 (KHTML, like Gecko) Version/10.0 Mobile/14E304 Safari/602.1"
::1 - - [2022-02-16T23:52:39+02:00] "GET /ajakava HTTP/1.1" 304 - "http://localhost:3000/treeningud" "Mozilla/5.0 (iPhone; CPU iPhone OS 10_3_1 like Mac OS X) AppleWebKit/603.1.30 (KHTML, like Gecko) Version/10.0 Mobile/14E304 Safari/602.1"
::1 - - [2022-02-16T23:52:40+02:00] "GET /api/competitions-schedule HTTP/1.1" 304 - "http://localhost:3000/ajakava" "Mozilla/5.0 (iPhone; CPU iPhone OS 10_3_1 like Mac OS X) AppleWebKit/603.1.30 (KHTML, like Gecko) Version/10.0 Mobile/14E304 Safari/602.1"
::1 - - [2022-02-16T23:52:41+02:00] "GET / HTTP/1.1" 304 - "http://localhost:3000/ajakava" "Mozilla/5.0 (iPhone; CPU iPhone OS 10_3_1 like Mac OS X) AppleWebKit/603.1.30 (KHTML, like Gecko) Version/10.0 Mobile/14E304 Safari/602.1"
::1 - - [2022-02-16T23:52:42+02:00] "GET /api/competitions-schedule HTTP/1.1" 304 - "http://localhost:3000/" "Mozilla/5.0 (iPhone; CPU iPhone OS 10_3_1 like Mac OS X) AppleWebKit/603.1.30 (KHTML, like Gecko) Version/10.0 Mobile/14E304 Safari/602.1"
::1 - - [2022-02-16T23:54:18+02:00] "GET / HTTP/1.1" 200 8885 "http://localhost:3000/ajakava" "Mozilla/5.0 (Windows NT 10.0; Win64; x64) AppleWebKit/537.36 (KHTML, like Gecko) Chrome/98.0.4758.82 Safari/537.36"
::1 - - [2022-02-16T23:54:19+02:00] "GET /api/competitions-schedule HTTP/1.1" 304 - "http://localhost:3000/" "Mozilla/5.0 (Windows NT 10.0; Win64; x64) AppleWebKit/537.36 (KHTML, like Gecko) Chrome/98.0.4758.82 Safari/537.36"
::1 - - [2022-02-16T23:54:47+02:00] "GET / HTTP/1.1" 200 8875 "http://localhost:3000/ajakava" "Mozilla/5.0 (Windows NT 10.0; Win64; x64) AppleWebKit/537.36 (KHTML, like Gecko) Chrome/98.0.4758.82 Safari/537.36"
::1 - - [2022-02-16T23:54:47+02:00] "GET /api/competitions-schedule HTTP/1.1" 304 - "http://localhost:3000/" "Mozilla/5.0 (Windows NT 10.0; Win64; x64) AppleWebKit/537.36 (KHTML, like Gecko) Chrome/98.0.4758.82 Safari/537.36"
::1 - - [2022-02-16T23:55:31+02:00] "GET / HTTP/1.1" 200 8870 "http://localhost:3000/ajakava" "Mozilla/5.0 (Windows NT 10.0; Win64; x64) AppleWebKit/537.36 (KHTML, like Gecko) Chrome/98.0.4758.82 Safari/537.36"
::1 - - [2022-02-16T23:55:31+02:00] "GET /api/competitions-schedule HTTP/1.1" 304 - "http://localhost:3000/" "Mozilla/5.0 (Windows NT 10.0; Win64; x64) AppleWebKit/537.36 (KHTML, like Gecko) Chrome/98.0.4758.82 Safari/537.36"
::1 - - [2022-02-16T23:55:37+02:00] "GET / HTTP/1.1" 304 - "http://localhost:3000/" "Mozilla/5.0 (Windows NT 10.0; Win64; x64) AppleWebKit/537.36 (KHTML, like Gecko) Chrome/98.0.4758.82 Safari/537.36"
::1 - - [2022-02-16T23:55:37+02:00] "GET /api/competitions-schedule HTTP/1.1" 304 - "http://localhost:3000/" "Mozilla/5.0 (Windows NT 10.0; Win64; x64) AppleWebKit/537.36 (KHTML, like Gecko) Chrome/98.0.4758.82 Safari/537.36"
::1 - - [2022-02-16T23:55:38+02:00] "GET /ajakava HTTP/1.1" 304 - "http://localhost:3000/" "Mozilla/5.0 (Windows NT 10.0; Win64; x64) AppleWebKit/537.36 (KHTML, like Gecko) Chrome/98.0.4758.82 Safari/537.36"
::1 - - [2022-02-16T23:55:38+02:00] "GET /api/competitions-schedule HTTP/1.1" 304 - "http://localhost:3000/ajakava" "Mozilla/5.0 (Windows NT 10.0; Win64; x64) AppleWebKit/537.36 (KHTML, like Gecko) Chrome/98.0.4758.82 Safari/537.36"
::1 - - [2022-02-16T23:56:16+02:00] "GET / HTTP/1.1" 304 - "http://localhost:3000/ajakava" "Mozilla/5.0 (Windows NT 10.0; Win64; x64) AppleWebKit/537.36 (KHTML, like Gecko) Chrome/98.0.4758.82 Safari/537.36"
::1 - - [2022-02-16T23:56:16+02:00] "GET /api/competitions-schedule HTTP/1.1" 304 - "http://localhost:3000/" "Mozilla/5.0 (Windows NT 10.0; Win64; x64) AppleWebKit/537.36 (KHTML, like Gecko) Chrome/98.0.4758.82 Safari/537.36"
::1 - - [2022-02-16T23:56:51+02:00] "GET / HTTP/1.1" 200 8870 "http://localhost:3000/ajakava" "Mozilla/5.0 (Windows NT 10.0; Win64; x64) AppleWebKit/537.36 (KHTML, like Gecko) Chrome/98.0.4758.82 Safari/537.36"
::1 - - [2022-02-16T23:56:51+02:00] "GET /api/competitions-schedule HTTP/1.1" 304 - "http://localhost:3000/" "Mozilla/5.0 (Windows NT 10.0; Win64; x64) AppleWebKit/537.36 (KHTML, like Gecko) Chrome/98.0.4758.82 Safari/537.36"
::1 - - [2022-02-16T23:57:06+02:00] "GET / HTTP/1.1" 200 8870 "http://localhost:3000/ajakava" "Mozilla/5.0 (Windows NT 10.0; Win64; x64) AppleWebKit/537.36 (KHTML, like Gecko) Chrome/98.0.4758.82 Safari/537.36"
::1 - - [2022-02-16T23:57:06+02:00] "GET /api/competitions-schedule HTTP/1.1" 304 - "http://localhost:3000/" "Mozilla/5.0 (Windows NT 10.0; Win64; x64) AppleWebKit/537.36 (KHTML, like Gecko) Chrome/98.0.4758.82 Safari/537.36"
::1 - - [2022-02-16T23:57:09+02:00] "GET /ajakava HTTP/1.1" 304 - "http://localhost:3000/" "Mozilla/5.0 (Windows NT 10.0; Win64; x64) AppleWebKit/537.36 (KHTML, like Gecko) Chrome/98.0.4758.82 Safari/537.36"
::1 - - [2022-02-16T23:57:09+02:00] "GET /api/competitions-schedule HTTP/1.1" 304 - "http://localhost:3000/ajakava" "Mozilla/5.0 (Windows NT 10.0; Win64; x64) AppleWebKit/537.36 (KHTML, like Gecko) Chrome/98.0.4758.82 Safari/537.36"
::1 - - [2022-02-16T23:57:10+02:00] "GET / HTTP/1.1" 304 - "http://localhost:3000/ajakava" "Mozilla/5.0 (Windows NT 10.0; Win64; x64) AppleWebKit/537.36 (KHTML, like Gecko) Chrome/98.0.4758.82 Safari/537.36"
::1 - - [2022-02-16T23:57:10+02:00] "GET /api/competitions-schedule HTTP/1.1" 304 - "http://localhost:3000/" "Mozilla/5.0 (Windows NT 10.0; Win64; x64) AppleWebKit/537.36 (KHTML, like Gecko) Chrome/98.0.4758.82 Safari/537.36"
::1 - - [2022-02-16T23:57:11+02:00] "GET /voistlusjuhend HTTP/1.1" 304 - "http://localhost:3000/" "Mozilla/5.0 (Windows NT 10.0; Win64; x64) AppleWebKit/537.36 (KHTML, like Gecko) Chrome/98.0.4758.82 Safari/537.36"
::1 - - [2022-02-16T23:57:12+02:00] "GET / HTTP/1.1" 304 - "http://localhost:3000/voistlusjuhend" "Mozilla/5.0 (Windows NT 10.0; Win64; x64) AppleWebKit/537.36 (KHTML, like Gecko) Chrome/98.0.4758.82 Safari/537.36"
::1 - - [2022-02-16T23:57:12+02:00] "GET /api/competitions-schedule HTTP/1.1" 304 - "http://localhost:3000/" "Mozilla/5.0 (Windows NT 10.0; Win64; x64) AppleWebKit/537.36 (KHTML, like Gecko) Chrome/98.0.4758.82 Safari/537.36"
::1 - - [2022-02-16T23:59:38+02:00] "GET / HTTP/1.1" 200 8855 "http://localhost:3000/voistlusjuhend" "Mozilla/5.0 (Windows NT 10.0; Win64; x64) AppleWebKit/537.36 (KHTML, like Gecko) Chrome/98.0.4758.82 Safari/537.36"
::1 - - [2022-02-16T23:59:39+02:00] "GET /api/competitions-schedule HTTP/1.1" 304 - "http://localhost:3000/" "Mozilla/5.0 (Windows NT 10.0; Win64; x64) AppleWebKit/537.36 (KHTML, like Gecko) Chrome/98.0.4758.82 Safari/537.36"
::1 - - [2022-02-16T23:59:47+02:00] "GET /ajakava HTTP/1.1" 304 - "http://localhost:3000/" "Mozilla/5.0 (Windows NT 10.0; Win64; x64) AppleWebKit/537.36 (KHTML, like Gecko) Chrome/98.0.4758.82 Safari/537.36"
::1 - - [2022-02-16T23:59:47+02:00] "GET /api/competitions-schedule HTTP/1.1" 304 - "http://localhost:3000/ajakava" "Mozilla/5.0 (Windows NT 10.0; Win64; x64) AppleWebKit/537.36 (KHTML, like Gecko) Chrome/98.0.4758.82 Safari/537.36"
::1 - - [2022-02-16T23:59:48+02:00] "GET /tulemused HTTP/1.1" 304 - "http://localhost:3000/" "Mozilla/5.0 (Windows NT 10.0; Win64; x64) AppleWebKit/537.36 (KHTML, like Gecko) Chrome/98.0.4758.82 Safari/537.36"
::1 - - [2022-02-16T23:59:51+02:00] "GET /voistlusjuhend HTTP/1.1" 304 - "http://localhost:3000/" "Mozilla/5.0 (Windows NT 10.0; Win64; x64) AppleWebKit/537.36 (KHTML, like Gecko) Chrome/98.0.4758.82 Safari/537.36"
::1 - - [2022-02-17T00:00:25+02:00] "GET / HTTP/1.1" 200 8810 "http://localhost:3000/voistlusjuhend" "Mozilla/5.0 (Windows NT 10.0; Win64; x64) AppleWebKit/537.36 (KHTML, like Gecko) Chrome/98.0.4758.82 Safari/537.36"
::1 - - [2022-02-17T00:00:25+02:00] "GET /api/competitions-schedule HTTP/1.1" 304 - "http://localhost:3000/" "Mozilla/5.0 (Windows NT 10.0; Win64; x64) AppleWebKit/537.36 (KHTML, like Gecko) Chrome/98.0.4758.82 Safari/537.36"
::1 - - [2022-02-17T00:00:32+02:00] "GET / HTTP/1.1" 200 8800 "http://localhost:3000/voistlusjuhend" "Mozilla/5.0 (Windows NT 10.0; Win64; x64) AppleWebKit/537.36 (KHTML, like Gecko) Chrome/98.0.4758.82 Safari/537.36"
::1 - - [2022-02-17T00:00:32+02:00] "GET /api/competitions-schedule HTTP/1.1" 304 - "http://localhost:3000/" "Mozilla/5.0 (Windows NT 10.0; Win64; x64) AppleWebKit/537.36 (KHTML, like Gecko) Chrome/98.0.4758.82 Safari/537.36"
::1 - - [2022-02-17T00:01:31+02:00] "GET / HTTP/1.1" 200 8808 "http://localhost:3000/voistlusjuhend" "Mozilla/5.0 (Windows NT 10.0; Win64; x64) AppleWebKit/537.36 (KHTML, like Gecko) Chrome/98.0.4758.82 Safari/537.36"
::1 - - [2022-02-17T00:01:32+02:00] "GET /api/competitions-schedule HTTP/1.1" 304 - "http://localhost:3000/" "Mozilla/5.0 (Windows NT 10.0; Win64; x64) AppleWebKit/537.36 (KHTML, like Gecko) Chrome/98.0.4758.82 Safari/537.36"
::1 - - [2022-02-17T00:01:50+02:00] "GET / HTTP/1.1" 200 8808 "http://localhost:3000/voistlusjuhend" "Mozilla/5.0 (Windows NT 10.0; Win64; x64) AppleWebKit/537.36 (KHTML, like Gecko) Chrome/98.0.4758.82 Safari/537.36"
::1 - - [2022-02-17T00:01:51+02:00] "GET /api/competitions-schedule HTTP/1.1" 304 - "http://localhost:3000/" "Mozilla/5.0 (Windows NT 10.0; Win64; x64) AppleWebKit/537.36 (KHTML, like Gecko) Chrome/98.0.4758.82 Safari/537.36"
::1 - - [2022-02-17T00:01:58+02:00] "GET / HTTP/1.1" 200 8800 "http://localhost:3000/voistlusjuhend" "Mozilla/5.0 (Windows NT 10.0; Win64; x64) AppleWebKit/537.36 (KHTML, like Gecko) Chrome/98.0.4758.82 Safari/537.36"
::1 - - [2022-02-17T00:01:59+02:00] "GET /api/competitions-schedule HTTP/1.1" 304 - "http://localhost:3000/" "Mozilla/5.0 (Windows NT 10.0; Win64; x64) AppleWebKit/537.36 (KHTML, like Gecko) Chrome/98.0.4758.82 Safari/537.36"
::1 - - [2022-02-17T00:04:11+02:00] "GET / HTTP/1.1" 200 8800 "http://localhost:3000/voistlusjuhend" "Mozilla/5.0 (Windows NT 10.0; Win64; x64) AppleWebKit/537.36 (KHTML, like Gecko) Chrome/98.0.4758.82 Safari/537.36"
::1 - - [2022-02-17T00:04:12+02:00] "GET /api/competitions-schedule HTTP/1.1" 304 - "http://localhost:3000/" "Mozilla/5.0 (Windows NT 10.0; Win64; x64) AppleWebKit/537.36 (KHTML, like Gecko) Chrome/98.0.4758.82 Safari/537.36"
::1 - - [2022-02-17T00:04:42+02:00] "GET / HTTP/1.1" 200 8800 "http://localhost:3000/voistlusjuhend" "Mozilla/5.0 (Windows NT 10.0; Win64; x64) AppleWebKit/537.36 (KHTML, like Gecko) Chrome/98.0.4758.82 Safari/537.36"
::1 - - [2022-02-17T00:04:42+02:00] "GET /api/competitions-schedule HTTP/1.1" 304 - "http://localhost:3000/" "Mozilla/5.0 (Windows NT 10.0; Win64; x64) AppleWebKit/537.36 (KHTML, like Gecko) Chrome/98.0.4758.82 Safari/537.36"
::1 - - [2022-02-17T00:05:06+02:00] "GET / HTTP/1.1" 200 8800 "http://localhost:3000/voistlusjuhend" "Mozilla/5.0 (Windows NT 10.0; Win64; x64) AppleWebKit/537.36 (KHTML, like Gecko) Chrome/98.0.4758.82 Safari/537.36"
::1 - - [2022-02-17T00:05:06+02:00] "GET /api/competitions-schedule HTTP/1.1" 304 - "http://localhost:3000/" "Mozilla/5.0 (Windows NT 10.0; Win64; x64) AppleWebKit/537.36 (KHTML, like Gecko) Chrome/98.0.4758.82 Safari/537.36"
::1 - - [2022-02-17T00:05:19+02:00] "GET / HTTP/1.1" 200 8800 "http://localhost:3000/voistlusjuhend" "Mozilla/5.0 (Windows NT 10.0; Win64; x64) AppleWebKit/537.36 (KHTML, like Gecko) Chrome/98.0.4758.82 Safari/537.36"
::1 - - [2022-02-17T00:05:19+02:00] "GET /api/competitions-schedule HTTP/1.1" 304 - "http://localhost:3000/" "Mozilla/5.0 (Windows NT 10.0; Win64; x64) AppleWebKit/537.36 (KHTML, like Gecko) Chrome/98.0.4758.82 Safari/537.36"
::1 - - [2022-02-17T00:05:31+02:00] "GET / HTTP/1.1" 200 8800 "http://localhost:3000/voistlusjuhend" "Mozilla/5.0 (Windows NT 10.0; Win64; x64) AppleWebKit/537.36 (KHTML, like Gecko) Chrome/98.0.4758.82 Safari/537.36"
::1 - - [2022-02-17T00:05:31+02:00] "GET /api/competitions-schedule HTTP/1.1" 304 - "http://localhost:3000/" "Mozilla/5.0 (Windows NT 10.0; Win64; x64) AppleWebKit/537.36 (KHTML, like Gecko) Chrome/98.0.4758.82 Safari/537.36"
::1 - - [2022-02-17T00:05:43+02:00] "GET / HTTP/1.1" 200 8800 "http://localhost:3000/voistlusjuhend" "Mozilla/5.0 (Windows NT 10.0; Win64; x64) AppleWebKit/537.36 (KHTML, like Gecko) Chrome/98.0.4758.82 Safari/537.36"
::1 - - [2022-02-17T00:05:43+02:00] "GET /api/competitions-schedule HTTP/1.1" 304 - "http://localhost:3000/" "Mozilla/5.0 (Windows NT 10.0; Win64; x64) AppleWebKit/537.36 (KHTML, like Gecko) Chrome/98.0.4758.82 Safari/537.36"
::1 - - [2022-02-17T00:06:05+02:00] "GET /ajakava HTTP/1.1" 304 - "http://localhost:3000/" "Mozilla/5.0 (Windows NT 10.0; Win64; x64) AppleWebKit/537.36 (KHTML, like Gecko) Chrome/98.0.4758.82 Safari/537.36"
::1 - - [2022-02-17T00:06:05+02:00] "GET /api/competitions-schedule HTTP/1.1" 304 - "http://localhost:3000/ajakava" "Mozilla/5.0 (Windows NT 10.0; Win64; x64) AppleWebKit/537.36 (KHTML, like Gecko) Chrome/98.0.4758.82 Safari/537.36"
::1 - - [2022-02-17T00:06:06+02:00] "GET / HTTP/1.1" 304 - "http://localhost:3000/ajakava" "Mozilla/5.0 (Windows NT 10.0; Win64; x64) AppleWebKit/537.36 (KHTML, like Gecko) Chrome/98.0.4758.82 Safari/537.36"
::1 - - [2022-02-17T00:06:06+02:00] "GET /api/competitions-schedule HTTP/1.1" 304 - "http://localhost:3000/" "Mozilla/5.0 (Windows NT 10.0; Win64; x64) AppleWebKit/537.36 (KHTML, like Gecko) Chrome/98.0.4758.82 Safari/537.36"
::1 - - [2022-02-17T00:06:07+02:00] "GET /tulemused HTTP/1.1" 304 - "http://localhost:3000/" "Mozilla/5.0 (Windows NT 10.0; Win64; x64) AppleWebKit/537.36 (KHTML, like Gecko) Chrome/98.0.4758.82 Safari/537.36"
::1 - - [2022-02-17T00:06:11+02:00] "GET / HTTP/1.1" 304 - "http://localhost:3000/tulemused" "Mozilla/5.0 (Windows NT 10.0; Win64; x64) AppleWebKit/537.36 (KHTML, like Gecko) Chrome/98.0.4758.82 Safari/537.36"
::1 - - [2022-02-17T00:06:11+02:00] "GET /api/competitions-schedule HTTP/1.1" 304 - "http://localhost:3000/" "Mozilla/5.0 (Windows NT 10.0; Win64; x64) AppleWebKit/537.36 (KHTML, like Gecko) Chrome/98.0.4758.82 Safari/537.36"
::1 - - [2022-02-17T00:06:12+02:00] "GET /voistlusjuhend HTTP/1.1" 304 - "http://localhost:3000/" "Mozilla/5.0 (Windows NT 10.0; Win64; x64) AppleWebKit/537.36 (KHTML, like Gecko) Chrome/98.0.4758.82 Safari/537.36"
::1 - - [2022-02-17T00:06:13+02:00] "GET / HTTP/1.1" 304 - "http://localhost:3000/voistlusjuhend" "Mozilla/5.0 (Windows NT 10.0; Win64; x64) AppleWebKit/537.36 (KHTML, like Gecko) Chrome/98.0.4758.82 Safari/537.36"
::1 - - [2022-02-17T00:06:13+02:00] "GET /api/competitions-schedule HTTP/1.1" 304 - "http://localhost:3000/" "Mozilla/5.0 (Windows NT 10.0; Win64; x64) AppleWebKit/537.36 (KHTML, like Gecko) Chrome/98.0.4758.82 Safari/537.36"
::1 - - [2022-02-17T00:06:16+02:00] "GET /treeningud HTTP/1.1" 304 - "http://localhost:3000/" "Mozilla/5.0 (Windows NT 10.0; Win64; x64) AppleWebKit/537.36 (KHTML, like Gecko) Chrome/98.0.4758.82 Safari/537.36"
::1 - - [2022-02-17T00:06:19+02:00] "GET / HTTP/1.1" 304 - "http://localhost:3000/treeningud" "Mozilla/5.0 (Windows NT 10.0; Win64; x64) AppleWebKit/537.36 (KHTML, like Gecko) Chrome/98.0.4758.82 Safari/537.36"
::1 - - [2022-02-17T00:06:19+02:00] "GET /api/competitions-schedule HTTP/1.1" 304 - "http://localhost:3000/" "Mozilla/5.0 (Windows NT 10.0; Win64; x64) AppleWebKit/537.36 (KHTML, like Gecko) Chrome/98.0.4758.82 Safari/537.36"
::1 - - [2022-02-17T00:06:20+02:00] "GET /treeningud HTTP/1.1" 304 - "http://localhost:3000/" "Mozilla/5.0 (Windows NT 10.0; Win64; x64) AppleWebKit/537.36 (KHTML, like Gecko) Chrome/98.0.4758.82 Safari/537.36"
::1 - - [2022-02-17T00:06:26+02:00] "GET / HTTP/1.1" 304 - "http://localhost:3000/treeningud" "Mozilla/5.0 (Windows NT 10.0; Win64; x64) AppleWebKit/537.36 (KHTML, like Gecko) Chrome/98.0.4758.82 Safari/537.36"
::1 - - [2022-02-17T00:06:26+02:00] "GET /api/competitions-schedule HTTP/1.1" 304 - "http://localhost:3000/" "Mozilla/5.0 (Windows NT 10.0; Win64; x64) AppleWebKit/537.36 (KHTML, like Gecko) Chrome/98.0.4758.82 Safari/537.36"
::1 - - [2022-02-17T00:06:53+02:00] "GET /voistlus/lisa HTTP/1.1" 304 - "http://localhost:3000/" "Mozilla/5.0 (Windows NT 10.0; Win64; x64) AppleWebKit/537.36 (KHTML, like Gecko) Chrome/98.0.4758.82 Safari/537.36"
::1 - - [2022-02-17T00:06:54+02:00] "GET /voistlus/registreeri/ HTTP/1.1" 304 - "http://localhost:3000/voistlus/lisa" "Mozilla/5.0 (Windows NT 10.0; Win64; x64) AppleWebKit/537.36 (KHTML, like Gecko) Chrome/98.0.4758.82 Safari/537.36"
::1 - - [2022-02-17T00:06:55+02:00] "GET /voistlus/mangud HTTP/1.1" 304 - "http://localhost:3000/voistlus/registreeri/" "Mozilla/5.0 (Windows NT 10.0; Win64; x64) AppleWebKit/537.36 (KHTML, like Gecko) Chrome/98.0.4758.82 Safari/537.36"
::1 - - [2022-02-17T00:06:55+02:00] "GET /api/competitions-games HTTP/1.1" 304 - "http://localhost:3000/voistlus/mangud" "Mozilla/5.0 (Windows NT 10.0; Win64; x64) AppleWebKit/537.36 (KHTML, like Gecko) Chrome/98.0.4758.82 Safari/537.36"
::1 - - [2022-02-17T00:06:57+02:00] "GET /voistlus/tabel HTTP/1.1" 304 - "http://localhost:3000/voistlus/mangud" "Mozilla/5.0 (Windows NT 10.0; Win64; x64) AppleWebKit/537.36 (KHTML, like Gecko) Chrome/98.0.4758.82 Safari/537.36"
::1 - - [2022-02-17T00:06:57+02:00] "GET /api/competitions-games HTTP/1.1" 304 - "http://localhost:3000/voistlus/tabel" "Mozilla/5.0 (Windows NT 10.0; Win64; x64) AppleWebKit/537.36 (KHTML, like Gecko) Chrome/98.0.4758.82 Safari/537.36"
::1 - - [2022-02-17T00:07:06+02:00] "GET / HTTP/1.1" 304 - "http://localhost:3000/voistlus/tabel" "Mozilla/5.0 (Windows NT 10.0; Win64; x64) AppleWebKit/537.36 (KHTML, like Gecko) Chrome/98.0.4758.82 Safari/537.36"
::1 - - [2022-02-17T00:07:06+02:00] "GET /api/competitions-schedule HTTP/1.1" 304 - "http://localhost:3000/" "Mozilla/5.0 (Windows NT 10.0; Win64; x64) AppleWebKit/537.36 (KHTML, like Gecko) Chrome/98.0.4758.82 Safari/537.36"
::1 - - [2022-02-17T00:07:29+02:00] "GET / HTTP/1.1" 200 8800 "http://localhost:3000/voistlus/tabel" "Mozilla/5.0 (Windows NT 10.0; Win64; x64) AppleWebKit/537.36 (KHTML, like Gecko) Chrome/98.0.4758.82 Safari/537.36"
::1 - - [2022-02-17T00:07:29+02:00] "GET /api/competitions-schedule HTTP/1.1" 304 - "http://localhost:3000/" "Mozilla/5.0 (Windows NT 10.0; Win64; x64) AppleWebKit/537.36 (KHTML, like Gecko) Chrome/98.0.4758.82 Safari/537.36"
::1 - - [2022-02-17T00:07:36+02:00] "GET / HTTP/1.1" 304 - "http://localhost:3000/" "Mozilla/5.0 (Windows NT 10.0; Win64; x64) AppleWebKit/537.36 (KHTML, like Gecko) Chrome/98.0.4758.82 Safari/537.36"
::1 - - [2022-02-17T00:07:36+02:00] "GET /api/competitions-schedule HTTP/1.1" 304 - "http://localhost:3000/" "Mozilla/5.0 (Windows NT 10.0; Win64; x64) AppleWebKit/537.36 (KHTML, like Gecko) Chrome/98.0.4758.82 Safari/537.36"
::1 - - [2022-02-17T00:07:37+02:00] "GET /ajakava HTTP/1.1" 200 3994 "http://localhost:3000/" "Mozilla/5.0 (Windows NT 10.0; Win64; x64) AppleWebKit/537.36 (KHTML, like Gecko) Chrome/98.0.4758.82 Safari/537.36"
::1 - - [2022-02-17T00:07:37+02:00] "GET /api/competitions-schedule HTTP/1.1" 304 - "http://localhost:3000/ajakava" "Mozilla/5.0 (Windows NT 10.0; Win64; x64) AppleWebKit/537.36 (KHTML, like Gecko) Chrome/98.0.4758.82 Safari/537.36"
::1 - - [2022-02-17T00:07:38+02:00] "GET /tulemused HTTP/1.1" 200 11249 "http://localhost:3000/ajakava" "Mozilla/5.0 (Windows NT 10.0; Win64; x64) AppleWebKit/537.36 (KHTML, like Gecko) Chrome/98.0.4758.82 Safari/537.36"
::1 - - [2022-02-17T00:07:39+02:00] "GET / HTTP/1.1" 304 - "http://localhost:3000/tulemused" "Mozilla/5.0 (Windows NT 10.0; Win64; x64) AppleWebKit/537.36 (KHTML, like Gecko) Chrome/98.0.4758.82 Safari/537.36"
::1 - - [2022-02-17T00:07:39+02:00] "GET /api/competitions-schedule HTTP/1.1" 304 - "http://localhost:3000/" "Mozilla/5.0 (Windows NT 10.0; Win64; x64) AppleWebKit/537.36 (KHTML, like Gecko) Chrome/98.0.4758.82 Safari/537.36"
::1 - - [2022-02-17T00:07:40+02:00] "GET /treeningud HTTP/1.1" 200 7059 "http://localhost:3000/" "Mozilla/5.0 (Windows NT 10.0; Win64; x64) AppleWebKit/537.36 (KHTML, like Gecko) Chrome/98.0.4758.82 Safari/537.36"
::1 - - [2022-02-17T00:07:43+02:00] "GET / HTTP/1.1" 304 - "http://localhost:3000/treeningud" "Mozilla/5.0 (Windows NT 10.0; Win64; x64) AppleWebKit/537.36 (KHTML, like Gecko) Chrome/98.0.4758.82 Safari/537.36"
::1 - - [2022-02-17T00:07:43+02:00] "GET /api/competitions-schedule HTTP/1.1" 304 - "http://localhost:3000/" "Mozilla/5.0 (Windows NT 10.0; Win64; x64) AppleWebKit/537.36 (KHTML, like Gecko) Chrome/98.0.4758.82 Safari/537.36"
::1 - - [2022-02-17T00:08:46+02:00] "GET / HTTP/1.1" 200 8742 "http://localhost:3000/treeningud" "Mozilla/5.0 (Windows NT 10.0; Win64; x64) AppleWebKit/537.36 (KHTML, like Gecko) Chrome/98.0.4758.82 Safari/537.36"
::1 - - [2022-02-17T00:09:14+02:00] "GET /treeningud HTTP/1.1" 304 - "http://localhost:3000/" "Mozilla/5.0 (Windows NT 10.0; Win64; x64) AppleWebKit/537.36 (KHTML, like Gecko) Chrome/98.0.4758.82 Safari/537.36"
::1 - - [2022-02-17T00:09:19+02:00] "GET /tulemused HTTP/1.1" 304 - "http://localhost:3000/treeningud" "Mozilla/5.0 (Windows NT 10.0; Win64; x64) AppleWebKit/537.36 (KHTML, like Gecko) Chrome/98.0.4758.82 Safari/537.36"
::1 - - [2022-02-17T00:09:23+02:00] "GET /ajakava HTTP/1.1" 304 - "http://localhost:3000/tulemused" "Mozilla/5.0 (Windows NT 10.0; Win64; x64) AppleWebKit/537.36 (KHTML, like Gecko) Chrome/98.0.4758.82 Safari/537.36"
::1 - - [2022-02-17T00:09:23+02:00] "GET /api/competitions-schedule HTTP/1.1" 304 - "http://localhost:3000/ajakava" "Mozilla/5.0 (Windows NT 10.0; Win64; x64) AppleWebKit/537.36 (KHTML, like Gecko) Chrome/98.0.4758.82 Safari/537.36"
::1 - - [2022-02-17T00:09:24+02:00] "GET / HTTP/1.1" 304 - "http://localhost:3000/ajakava" "Mozilla/5.0 (Windows NT 10.0; Win64; x64) AppleWebKit/537.36 (KHTML, like Gecko) Chrome/98.0.4758.82 Safari/537.36"
::1 - - [2022-02-18T11:27:24+02:00] "GET / HTTP/1.1" 200 8742 "-" "Mozilla/5.0 (Windows NT 10.0; Win64; x64) AppleWebKit/537.36 (KHTML, like Gecko) Chrome/98.0.4758.82 Safari/537.36"
::1 - - [2022-02-18T11:27:29+02:00] "GET / HTTP/1.1" 304 - "http://localhost:3001/" "Mozilla/5.0 (Windows NT 10.0; Win64; x64) AppleWebKit/537.36 (KHTML, like Gecko) Chrome/98.0.4758.82 Safari/537.36"
::1 - - [2022-02-18T11:27:30+02:00] "GET /ajakava HTTP/1.1" 200 3994 "http://localhost:3001/" "Mozilla/5.0 (Windows NT 10.0; Win64; x64) AppleWebKit/537.36 (KHTML, like Gecko) Chrome/98.0.4758.82 Safari/537.36"
::1 - - [2022-02-18T11:28:30+02:00] "GET /ajakava HTTP/1.1" 304 - "http://localhost:3001/" "Mozilla/5.0 (Windows NT 10.0; Win64; x64) AppleWebKit/537.36 (KHTML, like Gecko) Chrome/98.0.4758.82 Safari/537.36"
::1 - - [2022-02-18T11:29:03+02:00] "GET /ajakava HTTP/1.1" 304 - "http://localhost:3001/" "Mozilla/5.0 (Windows NT 10.0; Win64; x64) AppleWebKit/537.36 (KHTML, like Gecko) Chrome/98.0.4758.82 Safari/537.36"
::1 - - [2022-02-18T11:29:03+02:00] "GET /lt-test.ristissaar.ee/api/competitions-schedule HTTP/1.1" 404 186 "http://localhost:3001/ajakava" "Mozilla/5.0 (Windows NT 10.0; Win64; x64) AppleWebKit/537.36 (KHTML, like Gecko) Chrome/98.0.4758.82 Safari/537.36"
::1 - - [2022-02-18T11:29:46+02:00] "GET /ajakava HTTP/1.1" 304 - "http://localhost:3001/" "Mozilla/5.0 (Windows NT 10.0; Win64; x64) AppleWebKit/537.36 (KHTML, like Gecko) Chrome/98.0.4758.82 Safari/537.36"
::1 - - [2022-02-18T11:29:46+02:00] "GET /localhost/api/competitions-schedule HTTP/1.1" 404 174 "http://localhost:3001/ajakava" "Mozilla/5.0 (Windows NT 10.0; Win64; x64) AppleWebKit/537.36 (KHTML, like Gecko) Chrome/98.0.4758.82 Safari/537.36"
::1 - - [2022-02-18T11:34:04+02:00] "GET /ajakava HTTP/1.1" 304 - "http://localhost:3001/" "Mozilla/5.0 (Windows NT 10.0; Win64; x64) AppleWebKit/537.36 (KHTML, like Gecko) Chrome/98.0.4758.82 Safari/537.36"
::1 - - [2022-02-18T11:34:32+02:00] "GET /ajakava HTTP/1.1" 304 - "http://localhost:3001/" "Mozilla/5.0 (Windows NT 10.0; Win64; x64) AppleWebKit/537.36 (KHTML, like Gecko) Chrome/98.0.4758.82 Safari/537.36"
::1 - - [2022-02-18T11:34:32+02:00] "GET /localhostlocalhost HTTP/1.1" 404 157 "http://localhost:3001/ajakava" "Mozilla/5.0 (Windows NT 10.0; Win64; x64) AppleWebKit/537.36 (KHTML, like Gecko) Chrome/98.0.4758.82 Safari/537.36"
::1 - - [2022-02-18T11:35:01+02:00] "GET /ajakava HTTP/1.1" 304 - "http://localhost:3001/" "Mozilla/5.0 (Windows NT 10.0; Win64; x64) AppleWebKit/537.36 (KHTML, like Gecko) Chrome/98.0.4758.82 Safari/537.36"
::1 - - [2022-02-18T11:35:01+02:00] "GET /localhostlocalhost HTTP/1.1" 404 157 "http://localhost:3001/ajakava" "Mozilla/5.0 (Windows NT 10.0; Win64; x64) AppleWebKit/537.36 (KHTML, like Gecko) Chrome/98.0.4758.82 Safari/537.36"
::1 - - [2022-02-18T11:35:26+02:00] "GET /ajakava HTTP/1.1" 304 - "http://localhost:3001/" "Mozilla/5.0 (Windows NT 10.0; Win64; x64) AppleWebKit/537.36 (KHTML, like Gecko) Chrome/98.0.4758.82 Safari/537.36"
::1 - - [2022-02-18T11:35:26+02:00] "GET /localhost3001 HTTP/1.1" 404 152 "http://localhost:3001/ajakava" "Mozilla/5.0 (Windows NT 10.0; Win64; x64) AppleWebKit/537.36 (KHTML, like Gecko) Chrome/98.0.4758.82 Safari/537.36"
::1 - - [2022-02-18T11:36:16+02:00] "GET /ajakava HTTP/1.1" 304 - "http://localhost:3001/" "Mozilla/5.0 (Windows NT 10.0; Win64; x64) AppleWebKit/537.36 (KHTML, like Gecko) Chrome/98.0.4758.82 Safari/537.36"
::1 - - [2022-02-18T11:36:16+02:00] "GET /localhost3001/api/competitions-schedule HTTP/1.1" 404 178 "http://localhost:3001/ajakava" "Mozilla/5.0 (Windows NT 10.0; Win64; x64) AppleWebKit/537.36 (KHTML, like Gecko) Chrome/98.0.4758.82 Safari/537.36"
::1 - - [2022-02-18T11:37:52+02:00] "GET /ajakava HTTP/1.1" 304 - "http://localhost:3001/" "Mozilla/5.0 (Windows NT 10.0; Win64; x64) AppleWebKit/537.36 (KHTML, like Gecko) Chrome/98.0.4758.82 Safari/537.36"
::1 - - [2022-02-18T11:37:52+02:00] "GET /localhost3001/api/competitions-schedule HTTP/1.1" 404 178 "http://localhost:3001/ajakava" "Mozilla/5.0 (Windows NT 10.0; Win64; x64) AppleWebKit/537.36 (KHTML, like Gecko) Chrome/98.0.4758.82 Safari/537.36"
::1 - - [2022-02-18T11:38:28+02:00] "GET /ajakava HTTP/1.1" 304 - "http://localhost:3001/" "Mozilla/5.0 (Windows NT 10.0; Win64; x64) AppleWebKit/537.36 (KHTML, like Gecko) Chrome/98.0.4758.82 Safari/537.36"
::1 - - [2022-02-18T11:40:50+02:00] "GET /ajakava HTTP/1.1" 304 - "http://localhost:3001/" "Mozilla/5.0 (Windows NT 10.0; Win64; x64) AppleWebKit/537.36 (KHTML, like Gecko) Chrome/98.0.4758.82 Safari/537.36"
::1 - - [2022-02-18T11:41:25+02:00] "GET /ajakava HTTP/1.1" 304 - "http://localhost:3001/" "Mozilla/5.0 (Windows NT 10.0; Win64; x64) AppleWebKit/537.36 (KHTML, like Gecko) Chrome/98.0.4758.82 Safari/537.36"
::1 - - [2022-02-18T11:41:38+02:00] "GET /ajakava HTTP/1.1" 304 - "http://localhost:3001/" "Mozilla/5.0 (Windows NT 10.0; Win64; x64) AppleWebKit/537.36 (KHTML, like Gecko) Chrome/98.0.4758.82 Safari/537.36"
::1 - - [2022-02-18T11:41:39+02:00] "GET /api/competitions-schedule HTTP/1.1" 200 1833 "http://localhost:3001/ajakava" "Mozilla/5.0 (Windows NT 10.0; Win64; x64) AppleWebKit/537.36 (KHTML, like Gecko) Chrome/98.0.4758.82 Safari/537.36"
::1 - - [2022-02-18T11:52:03+02:00] "GET /ajakava HTTP/1.1" 304 - "http://localhost:3001/" "Mozilla/5.0 (Windows NT 10.0; Win64; x64) AppleWebKit/537.36 (KHTML, like Gecko) Chrome/98.0.4758.82 Safari/537.36"
::1 - - [2022-02-18T11:52:04+02:00] "GET /localhost:3001/api/competitions-schedule HTTP/1.1" 404 179 "http://localhost:3001/ajakava" "Mozilla/5.0 (Windows NT 10.0; Win64; x64) AppleWebKit/537.36 (KHTML, like Gecko) Chrome/98.0.4758.82 Safari/537.36"
::1 - - [2022-02-18T11:52:36+02:00] "GET /ajakava HTTP/1.1" 304 - "http://localhost:3001/" "Mozilla/5.0 (Windows NT 10.0; Win64; x64) AppleWebKit/537.36 (KHTML, like Gecko) Chrome/98.0.4758.82 Safari/537.36"
::1 - - [2022-02-18T11:52:36+02:00] "GET /api/competitions-schedule HTTP/1.1" 304 - "http://localhost:3001/ajakava" "Mozilla/5.0 (Windows NT 10.0; Win64; x64) AppleWebKit/537.36 (KHTML, like Gecko) Chrome/98.0.4758.82 Safari/537.36"
::1 - - [2022-02-18T11:53:56+02:00] "GET /ajakava HTTP/1.1" 304 - "http://localhost:3001/" "Mozilla/5.0 (Windows NT 10.0; Win64; x64) AppleWebKit/537.36 (KHTML, like Gecko) Chrome/98.0.4758.82 Safari/537.36"
::1 - - [2022-02-18T11:54:06+02:00] "GET /ajakava HTTP/1.1" 304 - "http://localhost:3001/" "Mozilla/5.0 (Windows NT 10.0; Win64; x64) AppleWebKit/537.36 (KHTML, like Gecko) Chrome/98.0.4758.82 Safari/537.36"
::1 - - [2022-02-18T11:54:41+02:00] "GET /ajakava HTTP/1.1" 304 - "http://localhost:3001/" "Mozilla/5.0 (Windows NT 10.0; Win64; x64) AppleWebKit/537.36 (KHTML, like Gecko) Chrome/98.0.4758.82 Safari/537.36"
::1 - - [2022-02-18T11:54:42+02:00] "GET /api/competitions-schedule HTTP/1.1" 304 - "http://localhost:3001/ajakava" "Mozilla/5.0 (Windows NT 10.0; Win64; x64) AppleWebKit/537.36 (KHTML, like Gecko) Chrome/98.0.4758.82 Safari/537.36"
::1 - - [2022-02-18T11:56:32+02:00] "GET /ajakava HTTP/1.1" 304 - "http://localhost:3001/" "Mozilla/5.0 (Windows NT 10.0; Win64; x64) AppleWebKit/537.36 (KHTML, like Gecko) Chrome/98.0.4758.82 Safari/537.36"
::1 - - [2022-02-18T11:56:32+02:00] "GET /api/competitions-schedule HTTP/1.1" 304 - "http://localhost:3001/ajakava" "Mozilla/5.0 (Windows NT 10.0; Win64; x64) AppleWebKit/537.36 (KHTML, like Gecko) Chrome/98.0.4758.82 Safari/537.36"
::1 - - [2022-02-18T11:56:56+02:00] "GET /ajakava HTTP/1.1" 304 - "http://localhost:3001/" "Mozilla/5.0 (Windows NT 10.0; Win64; x64) AppleWebKit/537.36 (KHTML, like Gecko) Chrome/98.0.4758.82 Safari/537.36"
::1 - - [2022-02-18T11:56:56+02:00] "GET /api/competitions-schedule HTTP/1.1" 304 - "http://localhost:3001/ajakava" "Mozilla/5.0 (Windows NT 10.0; Win64; x64) AppleWebKit/537.36 (KHTML, like Gecko) Chrome/98.0.4758.82 Safari/537.36"
::1 - - [2022-02-18T12:02:49+02:00] "GET /ajakava HTTP/1.1" 304 - "http://localhost:3001/" "Mozilla/5.0 (Windows NT 10.0; Win64; x64) AppleWebKit/537.36 (KHTML, like Gecko) Chrome/98.0.4758.82 Safari/537.36"
::1 - - [2022-02-18T12:02:49+02:00] "GET /api/competitions-schedule HTTP/1.1" 304 - "http://localhost:3001/ajakava" "Mozilla/5.0 (Windows NT 10.0; Win64; x64) AppleWebKit/537.36 (KHTML, like Gecko) Chrome/98.0.4758.82 Safari/537.36"
::1 - - [2022-02-18T12:05:15+02:00] "GET /ajakava HTTP/1.1" 304 - "http://localhost:3001/" "Mozilla/5.0 (Windows NT 10.0; Win64; x64) AppleWebKit/537.36 (KHTML, like Gecko) Chrome/98.0.4758.82 Safari/537.36"
::1 - - [2022-02-18T12:05:15+02:00] "GET /api/competitions-schedule HTTP/1.1" 304 - "http://localhost:3001/ajakava" "Mozilla/5.0 (Windows NT 10.0; Win64; x64) AppleWebKit/537.36 (KHTML, like Gecko) Chrome/98.0.4758.82 Safari/537.36"
::1 - - [2022-02-18T12:05:24+02:00] "GET /ajakava HTTP/1.1" 304 - "http://localhost:3001/" "Mozilla/5.0 (Windows NT 10.0; Win64; x64) AppleWebKit/537.36 (KHTML, like Gecko) Chrome/98.0.4758.82 Safari/537.36"
::1 - - [2022-02-18T12:05:24+02:00] "GET /api/competitions-schedule HTTP/1.1" 304 - "http://localhost:3001/ajakava" "Mozilla/5.0 (Windows NT 10.0; Win64; x64) AppleWebKit/537.36 (KHTML, like Gecko) Chrome/98.0.4758.82 Safari/537.36"
::1 - - [2022-02-18T12:06:56+02:00] "GET /ajakava HTTP/1.1" 304 - "http://localhost:3001/" "Mozilla/5.0 (Windows NT 10.0; Win64; x64) AppleWebKit/537.36 (KHTML, like Gecko) Chrome/98.0.4758.82 Safari/537.36"
::1 - - [2022-02-18T12:06:56+02:00] "GET /api/competitions-schedule HTTP/1.1" 304 - "http://localhost:3001/ajakava" "Mozilla/5.0 (Windows NT 10.0; Win64; x64) AppleWebKit/537.36 (KHTML, like Gecko) Chrome/98.0.4758.82 Safari/537.36"
::1 - - [2022-02-18T12:07:02+02:00] "GET /voistlus/lisa HTTP/1.1" 200 5876 "http://localhost:3001/ajakava" "Mozilla/5.0 (Windows NT 10.0; Win64; x64) AppleWebKit/537.36 (KHTML, like Gecko) Chrome/98.0.4758.82 Safari/537.36"
::1 - - [2022-02-18T12:07:04+02:00] "GET /voistlus/registreeri/ HTTP/1.1" 200 5857 "http://localhost:3001/voistlus/lisa" "Mozilla/5.0 (Windows NT 10.0; Win64; x64) AppleWebKit/537.36 (KHTML, like Gecko) Chrome/98.0.4758.82 Safari/537.36"
::1 - - [2022-02-18T12:07:05+02:00] "GET /voistlus/mangud HTTP/1.1" 200 9979 "http://localhost:3001/voistlus/registreeri/" "Mozilla/5.0 (Windows NT 10.0; Win64; x64) AppleWebKit/537.36 (KHTML, like Gecko) Chrome/98.0.4758.82 Safari/537.36"
::1 - - [2022-02-18T12:07:05+02:00] "GET /api/competitions-games HTTP/1.1" 200 6865 "http://localhost:3001/voistlus/mangud" "Mozilla/5.0 (Windows NT 10.0; Win64; x64) AppleWebKit/537.36 (KHTML, like Gecko) Chrome/98.0.4758.82 Safari/537.36"
::1 - - [2022-02-20T22:56:59+02:00] "GET /voistlus/mangud HTTP/1.1" 304 - "http://localhost:3001/voistlus/registreeri/" "Mozilla/5.0 (Windows NT 10.0; Win64; x64) AppleWebKit/537.36 (KHTML, like Gecko) Chrome/98.0.4758.102 Safari/537.36"
::1 - - [2022-02-20T22:57:00+02:00] "GET /api/competitions-games HTTP/1.1" 304 - "http://localhost:3001/voistlus/mangud" "Mozilla/5.0 (Windows NT 10.0; Win64; x64) AppleWebKit/537.36 (KHTML, like Gecko) Chrome/98.0.4758.102 Safari/537.36"
::1 - - [2022-02-20T22:57:06+02:00] "GET /ajakava HTTP/1.1" 304 - "http://localhost:3001/voistlus/mangud" "Mozilla/5.0 (Windows NT 10.0; Win64; x64) AppleWebKit/537.36 (KHTML, like Gecko) Chrome/98.0.4758.102 Safari/537.36"
::1 - - [2022-02-20T22:57:06+02:00] "GET /api/competitions-schedule HTTP/1.1" 304 - "http://localhost:3001/ajakava" "Mozilla/5.0 (Windows NT 10.0; Win64; x64) AppleWebKit/537.36 (KHTML, like Gecko) Chrome/98.0.4758.102 Safari/537.36"
::1 - - [2022-02-20T22:57:13+02:00] "GET /ajakava/7 HTTP/1.1" 404 148 "-" "Mozilla/5.0 (Windows NT 10.0; Win64; x64) AppleWebKit/537.36 (KHTML, like Gecko) Chrome/98.0.4758.102 Safari/537.36"
::1 - - [2022-02-20T22:57:18+02:00] "GET /ajakava/ HTTP/1.1" 200 3994 "-" "Mozilla/5.0 (Windows NT 10.0; Win64; x64) AppleWebKit/537.36 (KHTML, like Gecko) Chrome/98.0.4758.102 Safari/537.36"
::1 - - [2022-02-20T22:57:18+02:00] "GET /api/competitions-schedule HTTP/1.1" 304 - "http://localhost:3001/ajakava/" "Mozilla/5.0 (Windows NT 10.0; Win64; x64) AppleWebKit/537.36 (KHTML, like Gecko) Chrome/98.0.4758.102 Safari/537.36"
::1 - - [2022-02-20T22:58:51+02:00] "GET /api/competitions-schedule HTTP/1.1" 304 - "http://localhost:3001/ajakava/" "Mozilla/5.0 (Windows NT 10.0; Win64; x64) AppleWebKit/537.36 (KHTML, like Gecko) Chrome/98.0.4758.102 Safari/537.36"
::1 - - [2022-02-20T22:59:03+02:00] "GET /api/competitions-schedule HTTP/1.1" 304 - "-" "Mozilla/5.0 (Windows NT 10.0; Win64; x64) AppleWebKit/537.36 (KHTML, like Gecko) Chrome/98.0.4758.102 Safari/537.36"
::1 - - [2022-02-20T22:59:08+02:00] "GET /api/competitions-schedule/1 HTTP/1.1" 200 1 "-" "Mozilla/5.0 (Windows NT 10.0; Win64; x64) AppleWebKit/537.36 (KHTML, like Gecko) Chrome/98.0.4758.102 Safari/537.36"
::1 - - [2022-02-20T23:09:06+02:00] "GET /api/competitions-schedule/ HTTP/1.1" 200 1833 "-" "Mozilla/5.0 (Windows NT 10.0; Win64; x64) AppleWebKit/537.36 (KHTML, like Gecko) Chrome/98.0.4758.102 Safari/537.36"
::1 - - [2022-02-20T23:10:04+02:00] "GET /api/competitions-schedule/ HTTP/1.1" 304 - "-" "Mozilla/5.0 (Windows NT 10.0; Win64; x64) AppleWebKit/537.36 (KHTML, like Gecko) Chrome/98.0.4758.102 Safari/537.36"
::1 - - [2022-02-20T23:12:51+02:00] "GET /api/competitions-schedule/ HTTP/1.1" 304 - "-" "Mozilla/5.0 (Windows NT 10.0; Win64; x64) AppleWebKit/537.36 (KHTML, like Gecko) Chrome/98.0.4758.102 Safari/537.36"
::1 - - [2022-02-20T23:13:46+02:00] "GET /api/competitions-schedule/1 HTTP/1.1" 404 166 "-" "Mozilla/5.0 (Windows NT 10.0; Win64; x64) AppleWebKit/537.36 (KHTML, like Gecko) Chrome/98.0.4758.102 Safari/537.36"
::1 - - [2022-02-20T23:15:02+02:00] "GET /api/competitions-schedule/1 HTTP/1.1" 404 166 "-" "Mozilla/5.0 (Windows NT 10.0; Win64; x64) AppleWebKit/537.36 (KHTML, like Gecko) Chrome/98.0.4758.102 Safari/537.36"
::1 - - [2022-02-20T23:16:01+02:00] "GET /api/competitions-schedule/1 HTTP/1.1" 404 166 "-" "Mozilla/5.0 (Windows NT 10.0; Win64; x64) AppleWebKit/537.36 (KHTML, like Gecko) Chrome/98.0.4758.102 Safari/537.36"
::1 - - [2022-02-20T23:16:54+02:00] "GET /api/competitions-schedule/1 HTTP/1.1" 200 147 "-" "Mozilla/5.0 (Windows NT 10.0; Win64; x64) AppleWebKit/537.36 (KHTML, like Gecko) Chrome/98.0.4758.102 Safari/537.36"
::1 - - [2022-02-20T23:16:58+02:00] "GET /api/competitions-schedule/12 HTTP/1.1" 200 149 "-" "Mozilla/5.0 (Windows NT 10.0; Win64; x64) AppleWebKit/537.36 (KHTML, like Gecko) Chrome/98.0.4758.102 Safari/537.36"
::1 - - [2022-02-20T23:17:04+02:00] "GET /api/competitions-schedule/16 HTTP/1.1" 404 21 "-" "Mozilla/5.0 (Windows NT 10.0; Win64; x64) AppleWebKit/537.36 (KHTML, like Gecko) Chrome/98.0.4758.102 Safari/537.36"
::1 - - [2022-02-20T23:19:09+02:00] "GET /api/competitions-schedule/12 HTTP/1.1" 304 - "-" "Mozilla/5.0 (Windows NT 10.0; Win64; x64) AppleWebKit/537.36 (KHTML, like Gecko) Chrome/98.0.4758.102 Safari/537.36"
::1 - - [2022-02-20T23:19:14+02:00] "GET /api/competitions-schedule/6 HTTP/1.1" 200 146 "-" "Mozilla/5.0 (Windows NT 10.0; Win64; x64) AppleWebKit/537.36 (KHTML, like Gecko) Chrome/98.0.4758.102 Safari/537.36"
::1 - - [2022-02-20T23:19:18+02:00] "GET /api/competitions-schedule/24 HTTP/1.1" 404 21 "-" "Mozilla/5.0 (Windows NT 10.0; Win64; x64) AppleWebKit/537.36 (KHTML, like Gecko) Chrome/98.0.4758.102 Safari/537.36"
